

Started GET "/quests" for ::1 at 2015-04-24 15:40:06 -0700
  [1m[36mActiveRecord::SchemaMigration Load (0.2ms)[0m  [1mSELECT `schema_migrations`.* FROM `schema_migrations`[0m
Processing by QuestsController#index as HTML
  [1m[35mQuest Load (0.3ms)[0m  SELECT `quests`.* FROM `quests`
  [1m[36mUser Load (0.2ms)[0m  [1mSELECT  `users`.* FROM `users` WHERE `users`.`id` = 2 LIMIT 1[0m
  [1m[35mCACHE (0.0ms)[0m  SELECT  `users`.* FROM `users` WHERE `users`.`id` = 2 LIMIT 1  [["id", 2]]
  [1m[36mCACHE (0.0ms)[0m  [1mSELECT  `users`.* FROM `users` WHERE `users`.`id` = 2 LIMIT 1[0m  [["id", 2]]
  [1m[35mUser Load (0.2ms)[0m  SELECT  `users`.* FROM `users` WHERE `users`.`id` = 3 LIMIT 1
  Rendered quests/index.html.erb within layouts/application (31.0ms)
Completed 200 OK in 3797ms (Views: 3778.9ms | ActiveRecord: 3.4ms)


Started GET "/assets/application.self-21d082bc7f2a633b892ed2595e01c4d048f09d4b1ca60ad5e649bcb9aa5c0112.css?body=1" for ::1 at 2015-04-24 15:40:10 -0700


Started GET "/javascripts/application.js" for ::1 at 2015-04-24 15:40:10 -0700

ActionController::RoutingError (No route matches [GET] "/javascripts/application.js"):
  actionpack (4.2.0) lib/action_dispatch/middleware/debug_exceptions.rb:21:in `call'
  web-console (2.1.2) lib/web_console/middleware.rb:37:in `call'
  actionpack (4.2.0) lib/action_dispatch/middleware/show_exceptions.rb:30:in `call'
  railties (4.2.0) lib/rails/rack/logger.rb:38:in `call_app'
  railties (4.2.0) lib/rails/rack/logger.rb:20:in `block in call'
  activesupport (4.2.0) lib/active_support/tagged_logging.rb:68:in `block in tagged'
  activesupport (4.2.0) lib/active_support/tagged_logging.rb:26:in `tagged'
  activesupport (4.2.0) lib/active_support/tagged_logging.rb:68:in `tagged'
  railties (4.2.0) lib/rails/rack/logger.rb:20:in `call'
  actionpack (4.2.0) lib/action_dispatch/middleware/request_id.rb:21:in `call'
  rack (1.6.0) lib/rack/methodoverride.rb:22:in `call'
  rack (1.6.0) lib/rack/runtime.rb:18:in `call'
  activesupport (4.2.0) lib/active_support/cache/strategy/local_cache_middleware.rb:28:in `call'
  rack (1.6.0) lib/rack/lock.rb:17:in `call'
  actionpack (4.2.0) lib/action_dispatch/middleware/static.rb:113:in `call'
  rack (1.6.0) lib/rack/sendfile.rb:113:in `call'
  railties (4.2.0) lib/rails/engine.rb:518:in `call'
  railties (4.2.0) lib/rails/application.rb:164:in `call'
  rack (1.6.0) lib/rack/lock.rb:17:in `call'
  rack (1.6.0) lib/rack/content_length.rb:15:in `call'
  rack (1.6.0) lib/rack/handler/webrick.rb:89:in `service'
  /Users/victorkwan/.rbenv/versions/2.2.1/lib/ruby/2.2.0/webrick/httpserver.rb:138:in `service'
  /Users/victorkwan/.rbenv/versions/2.2.1/lib/ruby/2.2.0/webrick/httpserver.rb:94:in `run'
  /Users/victorkwan/.rbenv/versions/2.2.1/lib/ruby/2.2.0/webrick/server.rb:294:in `block in start_thread'


  Rendered /Users/victorkwan/.rvm/gems/ruby-2.2.1/gems/actionpack-4.2.0/lib/action_dispatch/middleware/templates/rescues/_trace.html.erb (1.8ms)
  Rendered /Users/victorkwan/.rvm/gems/ruby-2.2.1/gems/actionpack-4.2.0/lib/action_dispatch/middleware/templates/routes/_route.html.erb (2.3ms)
  Rendered /Users/victorkwan/.rvm/gems/ruby-2.2.1/gems/actionpack-4.2.0/lib/action_dispatch/middleware/templates/routes/_table.html.erb (10.6ms)
  Rendered /Users/victorkwan/.rvm/gems/ruby-2.2.1/gems/actionpack-4.2.0/lib/action_dispatch/middleware/templates/rescues/_request_and_response.html.erb (2.0ms)
  Rendered /Users/victorkwan/.rvm/gems/ruby-2.2.1/gems/actionpack-4.2.0/lib/action_dispatch/middleware/templates/rescues/routing_error.html.erb within rescues/layout (93.1ms)
  Rendered /Users/victorkwan/.rvm/gems/ruby-2.2.1/gems/web-console-2.1.2/lib/web_console/templates/_markup.html.erb (0.4ms)
  Rendered /Users/victorkwan/.rvm/gems/ruby-2.2.1/gems/web-console-2.1.2/lib/web_console/templates/style.css.erb within layouts/inlined_string (0.3ms)
  Rendered /Users/victorkwan/.rvm/gems/ruby-2.2.1/gems/web-console-2.1.2/lib/web_console/templates/_inner_console_markup.html.erb within layouts/inlined_string (0.3ms)
  Rendered /Users/victorkwan/.rvm/gems/ruby-2.2.1/gems/web-console-2.1.2/lib/web_console/templates/_prompt_box_markup.html.erb within layouts/inlined_string (0.3ms)
  Rendered /Users/victorkwan/.rvm/gems/ruby-2.2.1/gems/web-console-2.1.2/lib/web_console/templates/console.js.erb within layouts/javascript (42.5ms)
  Rendered /Users/victorkwan/.rvm/gems/ruby-2.2.1/gems/web-console-2.1.2/lib/web_console/templates/main.js.erb within layouts/javascript (0.3ms)
  Rendered /Users/victorkwan/.rvm/gems/ruby-2.2.1/gems/web-console-2.1.2/lib/web_console/templates/error_page.js.erb within layouts/javascript (0.4ms)
  Rendered /Users/victorkwan/.rvm/gems/ruby-2.2.1/gems/web-console-2.1.2/lib/web_console/templates/index.html.erb (94.1ms)


Started GET "/quests" for ::1 at 2015-04-24 15:40:11 -0700
Processing by QuestsController#index as HTML
  [1m[36mQuest Load (0.2ms)[0m  [1mSELECT `quests`.* FROM `quests`[0m
  [1m[35mUser Load (0.2ms)[0m  SELECT  `users`.* FROM `users` WHERE `users`.`id` = 2 LIMIT 1
  [1m[36mCACHE (0.0ms)[0m  [1mSELECT  `users`.* FROM `users` WHERE `users`.`id` = 2 LIMIT 1[0m  [["id", 2]]
  [1m[35mCACHE (0.0ms)[0m  SELECT  `users`.* FROM `users` WHERE `users`.`id` = 2 LIMIT 1  [["id", 2]]
  [1m[36mUser Load (0.2ms)[0m  [1mSELECT  `users`.* FROM `users` WHERE `users`.`id` = 3 LIMIT 1[0m
  Rendered quests/index.html.erb within layouts/application (3.9ms)
Completed 200 OK in 36ms (Views: 35.1ms | ActiveRecord: 0.6ms)


Started GET "/javascripts/application.js" for ::1 at 2015-04-24 15:40:11 -0700

ActionController::RoutingError (No route matches [GET] "/javascripts/application.js"):
  actionpack (4.2.0) lib/action_dispatch/middleware/debug_exceptions.rb:21:in `call'
  web-console (2.1.2) lib/web_console/middleware.rb:37:in `call'
  actionpack (4.2.0) lib/action_dispatch/middleware/show_exceptions.rb:30:in `call'
  railties (4.2.0) lib/rails/rack/logger.rb:38:in `call_app'
  railties (4.2.0) lib/rails/rack/logger.rb:20:in `block in call'
  activesupport (4.2.0) lib/active_support/tagged_logging.rb:68:in `block in tagged'
  activesupport (4.2.0) lib/active_support/tagged_logging.rb:26:in `tagged'
  activesupport (4.2.0) lib/active_support/tagged_logging.rb:68:in `tagged'
  railties (4.2.0) lib/rails/rack/logger.rb:20:in `call'
  actionpack (4.2.0) lib/action_dispatch/middleware/request_id.rb:21:in `call'
  rack (1.6.0) lib/rack/methodoverride.rb:22:in `call'
  rack (1.6.0) lib/rack/runtime.rb:18:in `call'
  activesupport (4.2.0) lib/active_support/cache/strategy/local_cache_middleware.rb:28:in `call'
  rack (1.6.0) lib/rack/lock.rb:17:in `call'
  actionpack (4.2.0) lib/action_dispatch/middleware/static.rb:113:in `call'
  rack (1.6.0) lib/rack/sendfile.rb:113:in `call'
  railties (4.2.0) lib/rails/engine.rb:518:in `call'
  railties (4.2.0) lib/rails/application.rb:164:in `call'
  rack (1.6.0) lib/rack/lock.rb:17:in `call'
  rack (1.6.0) lib/rack/content_length.rb:15:in `call'
  rack (1.6.0) lib/rack/handler/webrick.rb:89:in `service'
  /Users/victorkwan/.rbenv/versions/2.2.1/lib/ruby/2.2.0/webrick/httpserver.rb:138:in `service'
  /Users/victorkwan/.rbenv/versions/2.2.1/lib/ruby/2.2.0/webrick/httpserver.rb:94:in `run'
  /Users/victorkwan/.rbenv/versions/2.2.1/lib/ruby/2.2.0/webrick/server.rb:294:in `block in start_thread'


  Rendered /Users/victorkwan/.rvm/gems/ruby-2.2.1/gems/actionpack-4.2.0/lib/action_dispatch/middleware/templates/rescues/_trace.html.erb (1.5ms)
  Rendered /Users/victorkwan/.rvm/gems/ruby-2.2.1/gems/actionpack-4.2.0/lib/action_dispatch/middleware/templates/routes/_route.html.erb (2.9ms)
  Rendered /Users/victorkwan/.rvm/gems/ruby-2.2.1/gems/actionpack-4.2.0/lib/action_dispatch/middleware/templates/routes/_table.html.erb (1.6ms)
  Rendered /Users/victorkwan/.rvm/gems/ruby-2.2.1/gems/actionpack-4.2.0/lib/action_dispatch/middleware/templates/rescues/_request_and_response.html.erb (0.9ms)
  Rendered /Users/victorkwan/.rvm/gems/ruby-2.2.1/gems/actionpack-4.2.0/lib/action_dispatch/middleware/templates/rescues/routing_error.html.erb within rescues/layout (78.7ms)
  Rendered /Users/victorkwan/.rvm/gems/ruby-2.2.1/gems/web-console-2.1.2/lib/web_console/templates/_markup.html.erb (0.4ms)
  Rendered /Users/victorkwan/.rvm/gems/ruby-2.2.1/gems/web-console-2.1.2/lib/web_console/templates/style.css.erb within layouts/inlined_string (0.2ms)
  Rendered /Users/victorkwan/.rvm/gems/ruby-2.2.1/gems/web-console-2.1.2/lib/web_console/templates/_inner_console_markup.html.erb within layouts/inlined_string (0.2ms)
  Rendered /Users/victorkwan/.rvm/gems/ruby-2.2.1/gems/web-console-2.1.2/lib/web_console/templates/_prompt_box_markup.html.erb within layouts/inlined_string (0.3ms)
  Rendered /Users/victorkwan/.rvm/gems/ruby-2.2.1/gems/web-console-2.1.2/lib/web_console/templates/console.js.erb within layouts/javascript (35.2ms)
  Rendered /Users/victorkwan/.rvm/gems/ruby-2.2.1/gems/web-console-2.1.2/lib/web_console/templates/main.js.erb within layouts/javascript (0.3ms)
  Rendered /Users/victorkwan/.rvm/gems/ruby-2.2.1/gems/web-console-2.1.2/lib/web_console/templates/error_page.js.erb within layouts/javascript (0.4ms)
  Rendered /Users/victorkwan/.rvm/gems/ruby-2.2.1/gems/web-console-2.1.2/lib/web_console/templates/index.html.erb (85.2ms)


Started GET "/quests" for ::1 at 2015-04-24 15:40:14 -0700
Processing by QuestsController#index as HTML
  [1m[35mQuest Load (0.3ms)[0m  SELECT `quests`.* FROM `quests`
  [1m[36mUser Load (0.2ms)[0m  [1mSELECT  `users`.* FROM `users` WHERE `users`.`id` = 2 LIMIT 1[0m
  [1m[35mCACHE (0.0ms)[0m  SELECT  `users`.* FROM `users` WHERE `users`.`id` = 2 LIMIT 1  [["id", 2]]
  [1m[36mCACHE (0.0ms)[0m  [1mSELECT  `users`.* FROM `users` WHERE `users`.`id` = 2 LIMIT 1[0m  [["id", 2]]
  [1m[35mUser Load (0.2ms)[0m  SELECT  `users`.* FROM `users` WHERE `users`.`id` = 3 LIMIT 1
  Rendered quests/index.html.erb within layouts/application (4.0ms)
Completed 200 OK in 31ms (Views: 30.0ms | ActiveRecord: 0.7ms)


Started GET "/assets/application.self-21d082bc7f2a633b892ed2595e01c4d048f09d4b1ca60ad5e649bcb9aa5c0112.css?body=1" for ::1 at 2015-04-24 15:40:14 -0700


Started GET "/javascripts/application.js" for ::1 at 2015-04-24 15:40:14 -0700

ActionController::RoutingError (No route matches [GET] "/javascripts/application.js"):
  actionpack (4.2.0) lib/action_dispatch/middleware/debug_exceptions.rb:21:in `call'
  web-console (2.1.2) lib/web_console/middleware.rb:37:in `call'
  actionpack (4.2.0) lib/action_dispatch/middleware/show_exceptions.rb:30:in `call'
  railties (4.2.0) lib/rails/rack/logger.rb:38:in `call_app'
  railties (4.2.0) lib/rails/rack/logger.rb:20:in `block in call'
  activesupport (4.2.0) lib/active_support/tagged_logging.rb:68:in `block in tagged'
  activesupport (4.2.0) lib/active_support/tagged_logging.rb:26:in `tagged'
  activesupport (4.2.0) lib/active_support/tagged_logging.rb:68:in `tagged'
  railties (4.2.0) lib/rails/rack/logger.rb:20:in `call'
  actionpack (4.2.0) lib/action_dispatch/middleware/request_id.rb:21:in `call'
  rack (1.6.0) lib/rack/methodoverride.rb:22:in `call'
  rack (1.6.0) lib/rack/runtime.rb:18:in `call'
  activesupport (4.2.0) lib/active_support/cache/strategy/local_cache_middleware.rb:28:in `call'
  rack (1.6.0) lib/rack/lock.rb:17:in `call'
  actionpack (4.2.0) lib/action_dispatch/middleware/static.rb:113:in `call'
  rack (1.6.0) lib/rack/sendfile.rb:113:in `call'
  railties (4.2.0) lib/rails/engine.rb:518:in `call'
  railties (4.2.0) lib/rails/application.rb:164:in `call'
  rack (1.6.0) lib/rack/lock.rb:17:in `call'
  rack (1.6.0) lib/rack/content_length.rb:15:in `call'
  rack (1.6.0) lib/rack/handler/webrick.rb:89:in `service'
  /Users/victorkwan/.rbenv/versions/2.2.1/lib/ruby/2.2.0/webrick/httpserver.rb:138:in `service'
  /Users/victorkwan/.rbenv/versions/2.2.1/lib/ruby/2.2.0/webrick/httpserver.rb:94:in `run'
  /Users/victorkwan/.rbenv/versions/2.2.1/lib/ruby/2.2.0/webrick/server.rb:294:in `block in start_thread'


  Rendered /Users/victorkwan/.rvm/gems/ruby-2.2.1/gems/actionpack-4.2.0/lib/action_dispatch/middleware/templates/rescues/_trace.html.erb (1.3ms)
  Rendered /Users/victorkwan/.rvm/gems/ruby-2.2.1/gems/actionpack-4.2.0/lib/action_dispatch/middleware/templates/routes/_route.html.erb (2.4ms)
  Rendered /Users/victorkwan/.rvm/gems/ruby-2.2.1/gems/actionpack-4.2.0/lib/action_dispatch/middleware/templates/routes/_table.html.erb (1.5ms)
  Rendered /Users/victorkwan/.rvm/gems/ruby-2.2.1/gems/actionpack-4.2.0/lib/action_dispatch/middleware/templates/rescues/_request_and_response.html.erb (1.3ms)
  Rendered /Users/victorkwan/.rvm/gems/ruby-2.2.1/gems/actionpack-4.2.0/lib/action_dispatch/middleware/templates/rescues/routing_error.html.erb within rescues/layout (65.4ms)
  Rendered /Users/victorkwan/.rvm/gems/ruby-2.2.1/gems/web-console-2.1.2/lib/web_console/templates/_markup.html.erb (0.5ms)
  Rendered /Users/victorkwan/.rvm/gems/ruby-2.2.1/gems/web-console-2.1.2/lib/web_console/templates/style.css.erb within layouts/inlined_string (0.4ms)
  Rendered /Users/victorkwan/.rvm/gems/ruby-2.2.1/gems/web-console-2.1.2/lib/web_console/templates/_inner_console_markup.html.erb within layouts/inlined_string (0.4ms)
  Rendered /Users/victorkwan/.rvm/gems/ruby-2.2.1/gems/web-console-2.1.2/lib/web_console/templates/_prompt_box_markup.html.erb within layouts/inlined_string (0.2ms)
  Rendered /Users/victorkwan/.rvm/gems/ruby-2.2.1/gems/web-console-2.1.2/lib/web_console/templates/console.js.erb within layouts/javascript (43.1ms)
  Rendered /Users/victorkwan/.rvm/gems/ruby-2.2.1/gems/web-console-2.1.2/lib/web_console/templates/main.js.erb within layouts/javascript (0.5ms)
  Rendered /Users/victorkwan/.rvm/gems/ruby-2.2.1/gems/web-console-2.1.2/lib/web_console/templates/error_page.js.erb within layouts/javascript (0.4ms)
  Rendered /Users/victorkwan/.rvm/gems/ruby-2.2.1/gems/web-console-2.1.2/lib/web_console/templates/index.html.erb (97.3ms)


Started GET "/listing" for ::1 at 2015-04-24 15:40:15 -0700
Processing by QuestsController#listing as HTML
  [1m[36mQuest Load (0.2ms)[0m  [1mSELECT `quests`.* FROM `quests`[0m
  [1m[35mUser Load (0.2ms)[0m  SELECT  `users`.* FROM `users` WHERE `users`.`id` = 2 LIMIT 1
  [1m[36mCACHE (0.0ms)[0m  [1mSELECT  `users`.* FROM `users` WHERE `users`.`id` = 2 LIMIT 1[0m  [["id", 2]]
  [1m[35mCACHE (0.0ms)[0m  SELECT  `users`.* FROM `users` WHERE `users`.`id` = 2 LIMIT 1  [["id", 2]]
  [1m[36mUser Load (0.9ms)[0m  [1mSELECT  `users`.* FROM `users` WHERE `users`.`id` = 3 LIMIT 1[0m
  Rendered quests/listing.html.erb within layouts/application (7.7ms)
Completed 200 OK in 40ms (Views: 38.6ms | ActiveRecord: 1.3ms)


Started GET "/javascripts/application.js" for ::1 at 2015-04-24 15:40:15 -0700

ActionController::RoutingError (No route matches [GET] "/javascripts/application.js"):
  actionpack (4.2.0) lib/action_dispatch/middleware/debug_exceptions.rb:21:in `call'
  web-console (2.1.2) lib/web_console/middleware.rb:37:in `call'
  actionpack (4.2.0) lib/action_dispatch/middleware/show_exceptions.rb:30:in `call'
  railties (4.2.0) lib/rails/rack/logger.rb:38:in `call_app'
  railties (4.2.0) lib/rails/rack/logger.rb:20:in `block in call'
  activesupport (4.2.0) lib/active_support/tagged_logging.rb:68:in `block in tagged'
  activesupport (4.2.0) lib/active_support/tagged_logging.rb:26:in `tagged'
  activesupport (4.2.0) lib/active_support/tagged_logging.rb:68:in `tagged'
  railties (4.2.0) lib/rails/rack/logger.rb:20:in `call'
  actionpack (4.2.0) lib/action_dispatch/middleware/request_id.rb:21:in `call'
  rack (1.6.0) lib/rack/methodoverride.rb:22:in `call'
  rack (1.6.0) lib/rack/runtime.rb:18:in `call'
  activesupport (4.2.0) lib/active_support/cache/strategy/local_cache_middleware.rb:28:in `call'
  rack (1.6.0) lib/rack/lock.rb:17:in `call'
  actionpack (4.2.0) lib/action_dispatch/middleware/static.rb:113:in `call'
  rack (1.6.0) lib/rack/sendfile.rb:113:in `call'
  railties (4.2.0) lib/rails/engine.rb:518:in `call'
  railties (4.2.0) lib/rails/application.rb:164:in `call'
  rack (1.6.0) lib/rack/lock.rb:17:in `call'
  rack (1.6.0) lib/rack/content_length.rb:15:in `call'
  rack (1.6.0) lib/rack/handler/webrick.rb:89:in `service'
  /Users/victorkwan/.rbenv/versions/2.2.1/lib/ruby/2.2.0/webrick/httpserver.rb:138:in `service'
  /Users/victorkwan/.rbenv/versions/2.2.1/lib/ruby/2.2.0/webrick/httpserver.rb:94:in `run'
  /Users/victorkwan/.rbenv/versions/2.2.1/lib/ruby/2.2.0/webrick/server.rb:294:in `block in start_thread'


  Rendered /Users/victorkwan/.rvm/gems/ruby-2.2.1/gems/actionpack-4.2.0/lib/action_dispatch/middleware/templates/rescues/_trace.html.erb (1.5ms)
  Rendered /Users/victorkwan/.rvm/gems/ruby-2.2.1/gems/actionpack-4.2.0/lib/action_dispatch/middleware/templates/routes/_route.html.erb (2.4ms)
  Rendered /Users/victorkwan/.rvm/gems/ruby-2.2.1/gems/actionpack-4.2.0/lib/action_dispatch/middleware/templates/routes/_table.html.erb (1.2ms)
  Rendered /Users/victorkwan/.rvm/gems/ruby-2.2.1/gems/actionpack-4.2.0/lib/action_dispatch/middleware/templates/rescues/_request_and_response.html.erb (1.0ms)
  Rendered /Users/victorkwan/.rvm/gems/ruby-2.2.1/gems/actionpack-4.2.0/lib/action_dispatch/middleware/templates/rescues/routing_error.html.erb within rescues/layout (64.9ms)
  Rendered /Users/victorkwan/.rvm/gems/ruby-2.2.1/gems/web-console-2.1.2/lib/web_console/templates/_markup.html.erb (0.3ms)
  Rendered /Users/victorkwan/.rvm/gems/ruby-2.2.1/gems/web-console-2.1.2/lib/web_console/templates/style.css.erb within layouts/inlined_string (0.2ms)
  Rendered /Users/victorkwan/.rvm/gems/ruby-2.2.1/gems/web-console-2.1.2/lib/web_console/templates/_inner_console_markup.html.erb within layouts/inlined_string (0.2ms)
  Rendered /Users/victorkwan/.rvm/gems/ruby-2.2.1/gems/web-console-2.1.2/lib/web_console/templates/_prompt_box_markup.html.erb within layouts/inlined_string (0.3ms)
  Rendered /Users/victorkwan/.rvm/gems/ruby-2.2.1/gems/web-console-2.1.2/lib/web_console/templates/console.js.erb within layouts/javascript (35.0ms)
  Rendered /Users/victorkwan/.rvm/gems/ruby-2.2.1/gems/web-console-2.1.2/lib/web_console/templates/main.js.erb within layouts/javascript (0.2ms)
  Rendered /Users/victorkwan/.rvm/gems/ruby-2.2.1/gems/web-console-2.1.2/lib/web_console/templates/error_page.js.erb within layouts/javascript (0.4ms)
  Rendered /Users/victorkwan/.rvm/gems/ruby-2.2.1/gems/web-console-2.1.2/lib/web_console/templates/index.html.erb (80.8ms)


Started GET "/quests/1" for ::1 at 2015-04-24 15:40:19 -0700
Processing by QuestsController#show as HTML
  Parameters: {"id"=>"1"}
  [1m[35mQuest Load (0.2ms)[0m  SELECT  `quests`.* FROM `quests` WHERE `quests`.`id` = 1 LIMIT 1
  Rendered quests/show.html.erb within layouts/application (1.7ms)
Completed 500 Internal Server Error in 11ms

SyntaxError (/Users/victorkwan/Questing-Adventurer/questing_adventurer/app/views/quests/show.html.erb:49: syntax error, unexpected ')', expecting '}'
...current_user, :method=>:post  );@output_buffer.safe_append='...
...                               ^
/Users/victorkwan/Questing-Adventurer/questing_adventurer/app/views/quests/show.html.erb:56: syntax error, unexpected keyword_ensure, expecting ')'
/Users/victorkwan/Questing-Adventurer/questing_adventurer/app/views/quests/show.html.erb:58: syntax error, unexpected keyword_end, expecting ')'):
  app/views/quests/show.html.erb:49: syntax error, unexpected ')', expecting '}'
  app/views/quests/show.html.erb:56: syntax error, unexpected keyword_ensure, expecting ')'
  app/views/quests/show.html.erb:58: syntax error, unexpected keyword_end, expecting ')'


  Rendered /Users/victorkwan/.rvm/gems/ruby-2.2.1/gems/actionpack-4.2.0/lib/action_dispatch/middleware/templates/rescues/_source.erb (5.1ms)
  Rendered /Users/victorkwan/.rvm/gems/ruby-2.2.1/gems/actionpack-4.2.0/lib/action_dispatch/middleware/templates/rescues/_trace.html.erb (2.1ms)
  Rendered /Users/victorkwan/.rvm/gems/ruby-2.2.1/gems/actionpack-4.2.0/lib/action_dispatch/middleware/templates/rescues/_request_and_response.html.erb (0.7ms)
  Rendered /Users/victorkwan/.rvm/gems/ruby-2.2.1/gems/actionpack-4.2.0/lib/action_dispatch/middleware/templates/rescues/diagnostics.html.erb within rescues/layout (44.2ms)
  Rendered /Users/victorkwan/.rvm/gems/ruby-2.2.1/gems/web-console-2.1.2/lib/web_console/templates/_markup.html.erb (0.3ms)
  Rendered /Users/victorkwan/.rvm/gems/ruby-2.2.1/gems/web-console-2.1.2/lib/web_console/templates/style.css.erb within layouts/inlined_string (0.2ms)
  Rendered /Users/victorkwan/.rvm/gems/ruby-2.2.1/gems/web-console-2.1.2/lib/web_console/templates/_inner_console_markup.html.erb within layouts/inlined_string (0.2ms)
  Rendered /Users/victorkwan/.rvm/gems/ruby-2.2.1/gems/web-console-2.1.2/lib/web_console/templates/_prompt_box_markup.html.erb within layouts/inlined_string (0.3ms)
  Rendered /Users/victorkwan/.rvm/gems/ruby-2.2.1/gems/web-console-2.1.2/lib/web_console/templates/console.js.erb within layouts/javascript (35.4ms)
  Rendered /Users/victorkwan/.rvm/gems/ruby-2.2.1/gems/web-console-2.1.2/lib/web_console/templates/main.js.erb within layouts/javascript (0.2ms)
  Rendered /Users/victorkwan/.rvm/gems/ruby-2.2.1/gems/web-console-2.1.2/lib/web_console/templates/error_page.js.erb within layouts/javascript (0.3ms)
  Rendered /Users/victorkwan/.rvm/gems/ruby-2.2.1/gems/web-console-2.1.2/lib/web_console/templates/index.html.erb (77.2ms)


Started GET "/quests/1" for ::1 at 2015-04-24 15:41:14 -0700
Processing by QuestsController#show as HTML
  Parameters: {"id"=>"1"}
  [1m[36mQuest Load (0.3ms)[0m  [1mSELECT  `quests`.* FROM `quests` WHERE `quests`.`id` = 1 LIMIT 1[0m
  [1m[35mUser Load (0.2ms)[0m  SELECT  `users`.* FROM `users` WHERE `users`.`id` = 2 LIMIT 1
  [1m[36mCACHE (0.0ms)[0m  [1mSELECT  `users`.* FROM `users` WHERE `users`.`id` = 2 LIMIT 1[0m  [["id", 2]]
  [1m[35mPending Load (0.8ms)[0m  SELECT `pendings`.* FROM `pendings` WHERE `pendings`.`quest_id` = 1
  Rendered quests/show.html.erb within layouts/application (21.3ms)
Completed 200 OK in 45ms (Views: 34.1ms | ActiveRecord: 9.9ms)


Started GET "/assets/application.self-21d082bc7f2a633b892ed2595e01c4d048f09d4b1ca60ad5e649bcb9aa5c0112.css?body=1" for ::1 at 2015-04-24 15:41:14 -0700


Started GET "/javascripts/application.js" for ::1 at 2015-04-24 15:41:14 -0700

ActionController::RoutingError (No route matches [GET] "/javascripts/application.js"):
  actionpack (4.2.0) lib/action_dispatch/middleware/debug_exceptions.rb:21:in `call'
  web-console (2.1.2) lib/web_console/middleware.rb:37:in `call'
  actionpack (4.2.0) lib/action_dispatch/middleware/show_exceptions.rb:30:in `call'
  railties (4.2.0) lib/rails/rack/logger.rb:38:in `call_app'
  railties (4.2.0) lib/rails/rack/logger.rb:20:in `block in call'
  activesupport (4.2.0) lib/active_support/tagged_logging.rb:68:in `block in tagged'
  activesupport (4.2.0) lib/active_support/tagged_logging.rb:26:in `tagged'
  activesupport (4.2.0) lib/active_support/tagged_logging.rb:68:in `tagged'
  railties (4.2.0) lib/rails/rack/logger.rb:20:in `call'
  actionpack (4.2.0) lib/action_dispatch/middleware/request_id.rb:21:in `call'
  rack (1.6.0) lib/rack/methodoverride.rb:22:in `call'
  rack (1.6.0) lib/rack/runtime.rb:18:in `call'
  activesupport (4.2.0) lib/active_support/cache/strategy/local_cache_middleware.rb:28:in `call'
  rack (1.6.0) lib/rack/lock.rb:17:in `call'
  actionpack (4.2.0) lib/action_dispatch/middleware/static.rb:113:in `call'
  rack (1.6.0) lib/rack/sendfile.rb:113:in `call'
  railties (4.2.0) lib/rails/engine.rb:518:in `call'
  railties (4.2.0) lib/rails/application.rb:164:in `call'
  rack (1.6.0) lib/rack/lock.rb:17:in `call'
  rack (1.6.0) lib/rack/content_length.rb:15:in `call'
  rack (1.6.0) lib/rack/handler/webrick.rb:89:in `service'
  /Users/victorkwan/.rbenv/versions/2.2.1/lib/ruby/2.2.0/webrick/httpserver.rb:138:in `service'
  /Users/victorkwan/.rbenv/versions/2.2.1/lib/ruby/2.2.0/webrick/httpserver.rb:94:in `run'
  /Users/victorkwan/.rbenv/versions/2.2.1/lib/ruby/2.2.0/webrick/server.rb:294:in `block in start_thread'


  Rendered /Users/victorkwan/.rvm/gems/ruby-2.2.1/gems/actionpack-4.2.0/lib/action_dispatch/middleware/templates/rescues/_trace.html.erb (2.2ms)
  Rendered /Users/victorkwan/.rvm/gems/ruby-2.2.1/gems/actionpack-4.2.0/lib/action_dispatch/middleware/templates/routes/_route.html.erb (4.5ms)
  Rendered /Users/victorkwan/.rvm/gems/ruby-2.2.1/gems/actionpack-4.2.0/lib/action_dispatch/middleware/templates/routes/_table.html.erb (1.5ms)
  Rendered /Users/victorkwan/.rvm/gems/ruby-2.2.1/gems/actionpack-4.2.0/lib/action_dispatch/middleware/templates/rescues/_request_and_response.html.erb (1.5ms)
  Rendered /Users/victorkwan/.rvm/gems/ruby-2.2.1/gems/actionpack-4.2.0/lib/action_dispatch/middleware/templates/rescues/routing_error.html.erb within rescues/layout (77.0ms)
  Rendered /Users/victorkwan/.rvm/gems/ruby-2.2.1/gems/web-console-2.1.2/lib/web_console/templates/_markup.html.erb (0.4ms)
  Rendered /Users/victorkwan/.rvm/gems/ruby-2.2.1/gems/web-console-2.1.2/lib/web_console/templates/style.css.erb within layouts/inlined_string (0.3ms)
  Rendered /Users/victorkwan/.rvm/gems/ruby-2.2.1/gems/web-console-2.1.2/lib/web_console/templates/_inner_console_markup.html.erb within layouts/inlined_string (0.4ms)
  Rendered /Users/victorkwan/.rvm/gems/ruby-2.2.1/gems/web-console-2.1.2/lib/web_console/templates/_prompt_box_markup.html.erb within layouts/inlined_string (0.2ms)
  Rendered /Users/victorkwan/.rvm/gems/ruby-2.2.1/gems/web-console-2.1.2/lib/web_console/templates/console.js.erb within layouts/javascript (47.6ms)
  Rendered /Users/victorkwan/.rvm/gems/ruby-2.2.1/gems/web-console-2.1.2/lib/web_console/templates/main.js.erb within layouts/javascript (0.4ms)
  Rendered /Users/victorkwan/.rvm/gems/ruby-2.2.1/gems/web-console-2.1.2/lib/web_console/templates/error_page.js.erb within layouts/javascript (0.6ms)
  Rendered /Users/victorkwan/.rvm/gems/ruby-2.2.1/gems/web-console-2.1.2/lib/web_console/templates/index.html.erb (104.3ms)


Started POST "/pendings?quest_id=1" for ::1 at 2015-04-24 15:41:16 -0700
Processing by PendingsController#create as HTML
  Parameters: {"authenticity_token"=>"lND1RxhlZiPEwOfmNr1CGH+NC+JTxMv0vC2BTmPzAnatih/oAcapqZawhmHNjNbZJW2NRhT/mkDICQoIR7kXmQ==", "quest_id"=>"1"}
  [1m[36m (0.1ms)[0m  [1mBEGIN[0m
  [1m[35mSQL (3.4ms)[0m  INSERT INTO `pendings` VALUES ()
  [1m[36m (0.6ms)[0m  [1mCOMMIT[0m
  [1m[35m (0.3ms)[0m  BEGIN
  [1m[36m (0.1ms)[0m  [1mCOMMIT[0m
Redirected to http://localhost:3000/pendings/1
Completed 302 Found in 14ms (ActiveRecord: 4.6ms)


Started GET "/pendings/1" for ::1 at 2015-04-24 15:41:16 -0700
Processing by PendingsController#show as HTML
  Parameters: {"id"=>"1"}
  [1m[35mPending Load (0.2ms)[0m  SELECT  `pendings`.* FROM `pendings` WHERE `pendings`.`id` = 1 LIMIT 1
  Rendered pendings/show.html.erb within layouts/application (1.1ms)
Completed 200 OK in 44ms (Views: 42.4ms | ActiveRecord: 0.2ms)


Started GET "/javascripts/application.js" for ::1 at 2015-04-24 15:41:16 -0700

ActionController::RoutingError (No route matches [GET] "/javascripts/application.js"):
  actionpack (4.2.0) lib/action_dispatch/middleware/debug_exceptions.rb:21:in `call'
  web-console (2.1.2) lib/web_console/middleware.rb:37:in `call'
  actionpack (4.2.0) lib/action_dispatch/middleware/show_exceptions.rb:30:in `call'
  railties (4.2.0) lib/rails/rack/logger.rb:38:in `call_app'
  railties (4.2.0) lib/rails/rack/logger.rb:20:in `block in call'
  activesupport (4.2.0) lib/active_support/tagged_logging.rb:68:in `block in tagged'
  activesupport (4.2.0) lib/active_support/tagged_logging.rb:26:in `tagged'
  activesupport (4.2.0) lib/active_support/tagged_logging.rb:68:in `tagged'
  railties (4.2.0) lib/rails/rack/logger.rb:20:in `call'
  actionpack (4.2.0) lib/action_dispatch/middleware/request_id.rb:21:in `call'
  rack (1.6.0) lib/rack/methodoverride.rb:22:in `call'
  rack (1.6.0) lib/rack/runtime.rb:18:in `call'
  activesupport (4.2.0) lib/active_support/cache/strategy/local_cache_middleware.rb:28:in `call'
  rack (1.6.0) lib/rack/lock.rb:17:in `call'
  actionpack (4.2.0) lib/action_dispatch/middleware/static.rb:113:in `call'
  rack (1.6.0) lib/rack/sendfile.rb:113:in `call'
  railties (4.2.0) lib/rails/engine.rb:518:in `call'
  railties (4.2.0) lib/rails/application.rb:164:in `call'
  rack (1.6.0) lib/rack/lock.rb:17:in `call'
  rack (1.6.0) lib/rack/content_length.rb:15:in `call'
  rack (1.6.0) lib/rack/handler/webrick.rb:89:in `service'
  /Users/victorkwan/.rbenv/versions/2.2.1/lib/ruby/2.2.0/webrick/httpserver.rb:138:in `service'
  /Users/victorkwan/.rbenv/versions/2.2.1/lib/ruby/2.2.0/webrick/httpserver.rb:94:in `run'
  /Users/victorkwan/.rbenv/versions/2.2.1/lib/ruby/2.2.0/webrick/server.rb:294:in `block in start_thread'


  Rendered /Users/victorkwan/.rvm/gems/ruby-2.2.1/gems/actionpack-4.2.0/lib/action_dispatch/middleware/templates/rescues/_trace.html.erb (2.7ms)
  Rendered /Users/victorkwan/.rvm/gems/ruby-2.2.1/gems/actionpack-4.2.0/lib/action_dispatch/middleware/templates/routes/_route.html.erb (2.9ms)
  Rendered /Users/victorkwan/.rvm/gems/ruby-2.2.1/gems/actionpack-4.2.0/lib/action_dispatch/middleware/templates/routes/_table.html.erb (1.4ms)
  Rendered /Users/victorkwan/.rvm/gems/ruby-2.2.1/gems/actionpack-4.2.0/lib/action_dispatch/middleware/templates/rescues/_request_and_response.html.erb (1.2ms)
  Rendered /Users/victorkwan/.rvm/gems/ruby-2.2.1/gems/actionpack-4.2.0/lib/action_dispatch/middleware/templates/rescues/routing_error.html.erb within rescues/layout (73.7ms)
  Rendered /Users/victorkwan/.rvm/gems/ruby-2.2.1/gems/web-console-2.1.2/lib/web_console/templates/_markup.html.erb (0.5ms)
  Rendered /Users/victorkwan/.rvm/gems/ruby-2.2.1/gems/web-console-2.1.2/lib/web_console/templates/style.css.erb within layouts/inlined_string (0.3ms)
  Rendered /Users/victorkwan/.rvm/gems/ruby-2.2.1/gems/web-console-2.1.2/lib/web_console/templates/_inner_console_markup.html.erb within layouts/inlined_string (0.7ms)
  Rendered /Users/victorkwan/.rvm/gems/ruby-2.2.1/gems/web-console-2.1.2/lib/web_console/templates/_prompt_box_markup.html.erb within layouts/inlined_string (0.5ms)
  Rendered /Users/victorkwan/.rvm/gems/ruby-2.2.1/gems/web-console-2.1.2/lib/web_console/templates/console.js.erb within layouts/javascript (38.4ms)
  Rendered /Users/victorkwan/.rvm/gems/ruby-2.2.1/gems/web-console-2.1.2/lib/web_console/templates/main.js.erb within layouts/javascript (0.5ms)
  Rendered /Users/victorkwan/.rvm/gems/ruby-2.2.1/gems/web-console-2.1.2/lib/web_console/templates/error_page.js.erb within layouts/javascript (0.4ms)
  Rendered /Users/victorkwan/.rvm/gems/ruby-2.2.1/gems/web-console-2.1.2/lib/web_console/templates/index.html.erb (84.7ms)


Started GET "/quests/1" for ::1 at 2015-04-24 15:41:21 -0700
Processing by QuestsController#show as HTML
  Parameters: {"id"=>"1"}
  [1m[36mQuest Load (0.2ms)[0m  [1mSELECT  `quests`.* FROM `quests` WHERE `quests`.`id` = 1 LIMIT 1[0m
  [1m[35mUser Load (0.3ms)[0m  SELECT  `users`.* FROM `users` WHERE `users`.`id` = 2 LIMIT 1
  [1m[36mCACHE (0.0ms)[0m  [1mSELECT  `users`.* FROM `users` WHERE `users`.`id` = 2 LIMIT 1[0m  [["id", 2]]
  [1m[35mPending Load (0.1ms)[0m  SELECT `pendings`.* FROM `pendings` WHERE `pendings`.`quest_id` = 1
  Rendered quests/show.html.erb within layouts/application (3.4ms)
Completed 200 OK in 39ms (Views: 36.8ms | ActiveRecord: 0.7ms)


Started GET "/javascripts/application.js" for ::1 at 2015-04-24 15:41:21 -0700

ActionController::RoutingError (No route matches [GET] "/javascripts/application.js"):
  actionpack (4.2.0) lib/action_dispatch/middleware/debug_exceptions.rb:21:in `call'
  web-console (2.1.2) lib/web_console/middleware.rb:37:in `call'
  actionpack (4.2.0) lib/action_dispatch/middleware/show_exceptions.rb:30:in `call'
  railties (4.2.0) lib/rails/rack/logger.rb:38:in `call_app'
  railties (4.2.0) lib/rails/rack/logger.rb:20:in `block in call'
  activesupport (4.2.0) lib/active_support/tagged_logging.rb:68:in `block in tagged'
  activesupport (4.2.0) lib/active_support/tagged_logging.rb:26:in `tagged'
  activesupport (4.2.0) lib/active_support/tagged_logging.rb:68:in `tagged'
  railties (4.2.0) lib/rails/rack/logger.rb:20:in `call'
  actionpack (4.2.0) lib/action_dispatch/middleware/request_id.rb:21:in `call'
  rack (1.6.0) lib/rack/methodoverride.rb:22:in `call'
  rack (1.6.0) lib/rack/runtime.rb:18:in `call'
  activesupport (4.2.0) lib/active_support/cache/strategy/local_cache_middleware.rb:28:in `call'
  rack (1.6.0) lib/rack/lock.rb:17:in `call'
  actionpack (4.2.0) lib/action_dispatch/middleware/static.rb:113:in `call'
  rack (1.6.0) lib/rack/sendfile.rb:113:in `call'
  railties (4.2.0) lib/rails/engine.rb:518:in `call'
  railties (4.2.0) lib/rails/application.rb:164:in `call'
  rack (1.6.0) lib/rack/lock.rb:17:in `call'
  rack (1.6.0) lib/rack/content_length.rb:15:in `call'
  rack (1.6.0) lib/rack/handler/webrick.rb:89:in `service'
  /Users/victorkwan/.rbenv/versions/2.2.1/lib/ruby/2.2.0/webrick/httpserver.rb:138:in `service'
  /Users/victorkwan/.rbenv/versions/2.2.1/lib/ruby/2.2.0/webrick/httpserver.rb:94:in `run'
  /Users/victorkwan/.rbenv/versions/2.2.1/lib/ruby/2.2.0/webrick/server.rb:294:in `block in start_thread'


  Rendered /Users/victorkwan/.rvm/gems/ruby-2.2.1/gems/actionpack-4.2.0/lib/action_dispatch/middleware/templates/rescues/_trace.html.erb (1.4ms)
  Rendered /Users/victorkwan/.rvm/gems/ruby-2.2.1/gems/actionpack-4.2.0/lib/action_dispatch/middleware/templates/routes/_route.html.erb (2.6ms)
  Rendered /Users/victorkwan/.rvm/gems/ruby-2.2.1/gems/actionpack-4.2.0/lib/action_dispatch/middleware/templates/routes/_table.html.erb (1.2ms)
  Rendered /Users/victorkwan/.rvm/gems/ruby-2.2.1/gems/actionpack-4.2.0/lib/action_dispatch/middleware/templates/rescues/_request_and_response.html.erb (1.3ms)
  Rendered /Users/victorkwan/.rvm/gems/ruby-2.2.1/gems/actionpack-4.2.0/lib/action_dispatch/middleware/templates/rescues/routing_error.html.erb within rescues/layout (68.8ms)
  Rendered /Users/victorkwan/.rvm/gems/ruby-2.2.1/gems/web-console-2.1.2/lib/web_console/templates/_markup.html.erb (0.3ms)
  Rendered /Users/victorkwan/.rvm/gems/ruby-2.2.1/gems/web-console-2.1.2/lib/web_console/templates/style.css.erb within layouts/inlined_string (0.4ms)
  Rendered /Users/victorkwan/.rvm/gems/ruby-2.2.1/gems/web-console-2.1.2/lib/web_console/templates/_inner_console_markup.html.erb within layouts/inlined_string (0.3ms)
  Rendered /Users/victorkwan/.rvm/gems/ruby-2.2.1/gems/web-console-2.1.2/lib/web_console/templates/_prompt_box_markup.html.erb within layouts/inlined_string (0.2ms)
  Rendered /Users/victorkwan/.rvm/gems/ruby-2.2.1/gems/web-console-2.1.2/lib/web_console/templates/console.js.erb within layouts/javascript (41.6ms)
  Rendered /Users/victorkwan/.rvm/gems/ruby-2.2.1/gems/web-console-2.1.2/lib/web_console/templates/main.js.erb within layouts/javascript (0.3ms)
  Rendered /Users/victorkwan/.rvm/gems/ruby-2.2.1/gems/web-console-2.1.2/lib/web_console/templates/error_page.js.erb within layouts/javascript (0.3ms)
  Rendered /Users/victorkwan/.rvm/gems/ruby-2.2.1/gems/web-console-2.1.2/lib/web_console/templates/index.html.erb (85.9ms)


Started POST "/pendings?quest_id=1" for ::1 at 2015-04-24 15:41:22 -0700
Processing by PendingsController#create as HTML
  Parameters: {"authenticity_token"=>"1QVH4ZgJRHDs4T9cQRH9jGu0fpp4UmCgufBv3JAqV6zsX61OgaqL+r6RXtu6IGlNMVT4Pj9pMRTN1OSatGBCQw==", "quest_id"=>"1"}
  [1m[36m (0.2ms)[0m  [1mBEGIN[0m
  [1m[35mSQL (0.2ms)[0m  INSERT INTO `pendings` VALUES ()
  [1m[36m (0.3ms)[0m  [1mCOMMIT[0m
  [1m[35m (0.1ms)[0m  BEGIN
  [1m[36m (0.1ms)[0m  [1mCOMMIT[0m
Redirected to http://localhost:3000/pendings/2
Completed 302 Found in 5ms (ActiveRecord: 0.8ms)


Started GET "/pendings/2" for ::1 at 2015-04-24 15:41:22 -0700
Processing by PendingsController#show as HTML
  Parameters: {"id"=>"2"}
  [1m[35mPending Load (0.2ms)[0m  SELECT  `pendings`.* FROM `pendings` WHERE `pendings`.`id` = 2 LIMIT 1
  Rendered pendings/show.html.erb within layouts/application (0.3ms)
Completed 200 OK in 31ms (Views: 30.2ms | ActiveRecord: 0.2ms)


Started GET "/javascripts/application.js" for ::1 at 2015-04-24 15:41:22 -0700

ActionController::RoutingError (No route matches [GET] "/javascripts/application.js"):
  actionpack (4.2.0) lib/action_dispatch/middleware/debug_exceptions.rb:21:in `call'
  web-console (2.1.2) lib/web_console/middleware.rb:37:in `call'
  actionpack (4.2.0) lib/action_dispatch/middleware/show_exceptions.rb:30:in `call'
  railties (4.2.0) lib/rails/rack/logger.rb:38:in `call_app'
  railties (4.2.0) lib/rails/rack/logger.rb:20:in `block in call'
  activesupport (4.2.0) lib/active_support/tagged_logging.rb:68:in `block in tagged'
  activesupport (4.2.0) lib/active_support/tagged_logging.rb:26:in `tagged'
  activesupport (4.2.0) lib/active_support/tagged_logging.rb:68:in `tagged'
  railties (4.2.0) lib/rails/rack/logger.rb:20:in `call'
  actionpack (4.2.0) lib/action_dispatch/middleware/request_id.rb:21:in `call'
  rack (1.6.0) lib/rack/methodoverride.rb:22:in `call'
  rack (1.6.0) lib/rack/runtime.rb:18:in `call'
  activesupport (4.2.0) lib/active_support/cache/strategy/local_cache_middleware.rb:28:in `call'
  rack (1.6.0) lib/rack/lock.rb:17:in `call'
  actionpack (4.2.0) lib/action_dispatch/middleware/static.rb:113:in `call'
  rack (1.6.0) lib/rack/sendfile.rb:113:in `call'
  railties (4.2.0) lib/rails/engine.rb:518:in `call'
  railties (4.2.0) lib/rails/application.rb:164:in `call'
  rack (1.6.0) lib/rack/lock.rb:17:in `call'
  rack (1.6.0) lib/rack/content_length.rb:15:in `call'
  rack (1.6.0) lib/rack/handler/webrick.rb:89:in `service'
  /Users/victorkwan/.rbenv/versions/2.2.1/lib/ruby/2.2.0/webrick/httpserver.rb:138:in `service'
  /Users/victorkwan/.rbenv/versions/2.2.1/lib/ruby/2.2.0/webrick/httpserver.rb:94:in `run'
  /Users/victorkwan/.rbenv/versions/2.2.1/lib/ruby/2.2.0/webrick/server.rb:294:in `block in start_thread'


  Rendered /Users/victorkwan/.rvm/gems/ruby-2.2.1/gems/actionpack-4.2.0/lib/action_dispatch/middleware/templates/rescues/_trace.html.erb (2.1ms)
  Rendered /Users/victorkwan/.rvm/gems/ruby-2.2.1/gems/actionpack-4.2.0/lib/action_dispatch/middleware/templates/routes/_route.html.erb (3.1ms)
  Rendered /Users/victorkwan/.rvm/gems/ruby-2.2.1/gems/actionpack-4.2.0/lib/action_dispatch/middleware/templates/routes/_table.html.erb (2.0ms)
  Rendered /Users/victorkwan/.rvm/gems/ruby-2.2.1/gems/actionpack-4.2.0/lib/action_dispatch/middleware/templates/rescues/_request_and_response.html.erb (1.8ms)
  Rendered /Users/victorkwan/.rvm/gems/ruby-2.2.1/gems/actionpack-4.2.0/lib/action_dispatch/middleware/templates/rescues/routing_error.html.erb within rescues/layout (79.3ms)
  Rendered /Users/victorkwan/.rvm/gems/ruby-2.2.1/gems/web-console-2.1.2/lib/web_console/templates/_markup.html.erb (0.7ms)
  Rendered /Users/victorkwan/.rvm/gems/ruby-2.2.1/gems/web-console-2.1.2/lib/web_console/templates/style.css.erb within layouts/inlined_string (0.4ms)
  Rendered /Users/victorkwan/.rvm/gems/ruby-2.2.1/gems/web-console-2.1.2/lib/web_console/templates/_inner_console_markup.html.erb within layouts/inlined_string (0.4ms)
  Rendered /Users/victorkwan/.rvm/gems/ruby-2.2.1/gems/web-console-2.1.2/lib/web_console/templates/_prompt_box_markup.html.erb within layouts/inlined_string (0.3ms)
  Rendered /Users/victorkwan/.rvm/gems/ruby-2.2.1/gems/web-console-2.1.2/lib/web_console/templates/console.js.erb within layouts/javascript (41.6ms)
  Rendered /Users/victorkwan/.rvm/gems/ruby-2.2.1/gems/web-console-2.1.2/lib/web_console/templates/main.js.erb within layouts/javascript (0.4ms)
  Rendered /Users/victorkwan/.rvm/gems/ruby-2.2.1/gems/web-console-2.1.2/lib/web_console/templates/error_page.js.erb within layouts/javascript (0.5ms)
  Rendered /Users/victorkwan/.rvm/gems/ruby-2.2.1/gems/web-console-2.1.2/lib/web_console/templates/index.html.erb (94.2ms)


Started POST "/pendings?quest_id=1" for ::1 at 2015-04-24 15:41:25 -0700
Processing by PendingsController#create as HTML
  Parameters: {"authenticity_token"=>"1QVH4ZgJRHDs4T9cQRH9jGu0fpp4UmCgufBv3JAqV6zsX61OgaqL+r6RXtu6IGlNMVT4Pj9pMRTN1OSatGBCQw==", "quest_id"=>"1"}
  [1m[36m (0.1ms)[0m  [1mBEGIN[0m
  [1m[35mSQL (0.2ms)[0m  INSERT INTO `pendings` VALUES ()
  [1m[36m (0.3ms)[0m  [1mCOMMIT[0m
  [1m[35m (0.1ms)[0m  BEGIN
  [1m[36m (0.1ms)[0m  [1mCOMMIT[0m
Redirected to http://localhost:3000/pendings/3
Completed 302 Found in 7ms (ActiveRecord: 0.8ms)


Started GET "/pendings/3" for ::1 at 2015-04-24 15:41:25 -0700
Processing by PendingsController#show as HTML
  Parameters: {"id"=>"3"}
  [1m[35mPending Load (0.2ms)[0m  SELECT  `pendings`.* FROM `pendings` WHERE `pendings`.`id` = 3 LIMIT 1
  Rendered pendings/show.html.erb within layouts/application (0.6ms)
Completed 200 OK in 40ms (Views: 38.8ms | ActiveRecord: 0.2ms)


Started GET "/javascripts/application.js" for ::1 at 2015-04-24 15:41:25 -0700

ActionController::RoutingError (No route matches [GET] "/javascripts/application.js"):
  actionpack (4.2.0) lib/action_dispatch/middleware/debug_exceptions.rb:21:in `call'
  web-console (2.1.2) lib/web_console/middleware.rb:37:in `call'
  actionpack (4.2.0) lib/action_dispatch/middleware/show_exceptions.rb:30:in `call'
  railties (4.2.0) lib/rails/rack/logger.rb:38:in `call_app'
  railties (4.2.0) lib/rails/rack/logger.rb:20:in `block in call'
  activesupport (4.2.0) lib/active_support/tagged_logging.rb:68:in `block in tagged'
  activesupport (4.2.0) lib/active_support/tagged_logging.rb:26:in `tagged'
  activesupport (4.2.0) lib/active_support/tagged_logging.rb:68:in `tagged'
  railties (4.2.0) lib/rails/rack/logger.rb:20:in `call'
  actionpack (4.2.0) lib/action_dispatch/middleware/request_id.rb:21:in `call'
  rack (1.6.0) lib/rack/methodoverride.rb:22:in `call'
  rack (1.6.0) lib/rack/runtime.rb:18:in `call'
  activesupport (4.2.0) lib/active_support/cache/strategy/local_cache_middleware.rb:28:in `call'
  rack (1.6.0) lib/rack/lock.rb:17:in `call'
  actionpack (4.2.0) lib/action_dispatch/middleware/static.rb:113:in `call'
  rack (1.6.0) lib/rack/sendfile.rb:113:in `call'
  railties (4.2.0) lib/rails/engine.rb:518:in `call'
  railties (4.2.0) lib/rails/application.rb:164:in `call'
  rack (1.6.0) lib/rack/lock.rb:17:in `call'
  rack (1.6.0) lib/rack/content_length.rb:15:in `call'
  rack (1.6.0) lib/rack/handler/webrick.rb:89:in `service'
  /Users/victorkwan/.rbenv/versions/2.2.1/lib/ruby/2.2.0/webrick/httpserver.rb:138:in `service'
  /Users/victorkwan/.rbenv/versions/2.2.1/lib/ruby/2.2.0/webrick/httpserver.rb:94:in `run'
  /Users/victorkwan/.rbenv/versions/2.2.1/lib/ruby/2.2.0/webrick/server.rb:294:in `block in start_thread'


  Rendered /Users/victorkwan/.rvm/gems/ruby-2.2.1/gems/actionpack-4.2.0/lib/action_dispatch/middleware/templates/rescues/_trace.html.erb (1.8ms)
  Rendered /Users/victorkwan/.rvm/gems/ruby-2.2.1/gems/actionpack-4.2.0/lib/action_dispatch/middleware/templates/routes/_route.html.erb (2.7ms)
  Rendered /Users/victorkwan/.rvm/gems/ruby-2.2.1/gems/actionpack-4.2.0/lib/action_dispatch/middleware/templates/routes/_table.html.erb (6.2ms)
  Rendered /Users/victorkwan/.rvm/gems/ruby-2.2.1/gems/actionpack-4.2.0/lib/action_dispatch/middleware/templates/rescues/_request_and_response.html.erb (1.3ms)
  Rendered /Users/victorkwan/.rvm/gems/ruby-2.2.1/gems/actionpack-4.2.0/lib/action_dispatch/middleware/templates/rescues/routing_error.html.erb within rescues/layout (82.7ms)
  Rendered /Users/victorkwan/.rvm/gems/ruby-2.2.1/gems/web-console-2.1.2/lib/web_console/templates/_markup.html.erb (0.3ms)
  Rendered /Users/victorkwan/.rvm/gems/ruby-2.2.1/gems/web-console-2.1.2/lib/web_console/templates/style.css.erb within layouts/inlined_string (0.3ms)
  Rendered /Users/victorkwan/.rvm/gems/ruby-2.2.1/gems/web-console-2.1.2/lib/web_console/templates/_inner_console_markup.html.erb within layouts/inlined_string (0.2ms)
  Rendered /Users/victorkwan/.rvm/gems/ruby-2.2.1/gems/web-console-2.1.2/lib/web_console/templates/_prompt_box_markup.html.erb within layouts/inlined_string (0.3ms)
  Rendered /Users/victorkwan/.rvm/gems/ruby-2.2.1/gems/web-console-2.1.2/lib/web_console/templates/console.js.erb within layouts/javascript (36.6ms)
  Rendered /Users/victorkwan/.rvm/gems/ruby-2.2.1/gems/web-console-2.1.2/lib/web_console/templates/main.js.erb within layouts/javascript (0.3ms)
  Rendered /Users/victorkwan/.rvm/gems/ruby-2.2.1/gems/web-console-2.1.2/lib/web_console/templates/error_page.js.erb within layouts/javascript (0.3ms)
  Rendered /Users/victorkwan/.rvm/gems/ruby-2.2.1/gems/web-console-2.1.2/lib/web_console/templates/index.html.erb (78.5ms)


Started GET "/quests/2" for ::1 at 2015-04-24 15:41:30 -0700
Processing by QuestsController#show as HTML
  Parameters: {"id"=>"2"}
  [1m[36mQuest Load (0.3ms)[0m  [1mSELECT  `quests`.* FROM `quests` WHERE `quests`.`id` = 2 LIMIT 1[0m
  [1m[35mUser Load (0.2ms)[0m  SELECT  `users`.* FROM `users` WHERE `users`.`id` = 2 LIMIT 1
  [1m[36mUser Load (0.1ms)[0m  [1mSELECT  `users`.* FROM `users` WHERE `users`.`id` = 3 LIMIT 1[0m
  [1m[35mPending Load (0.1ms)[0m  SELECT `pendings`.* FROM `pendings` WHERE `pendings`.`quest_id` = 2
  Rendered quests/show.html.erb within layouts/application (2.9ms)
Completed 200 OK in 35ms (Views: 33.8ms | ActiveRecord: 0.7ms)


Started GET "/javascripts/application.js" for ::1 at 2015-04-24 15:41:30 -0700

ActionController::RoutingError (No route matches [GET] "/javascripts/application.js"):
  actionpack (4.2.0) lib/action_dispatch/middleware/debug_exceptions.rb:21:in `call'
  web-console (2.1.2) lib/web_console/middleware.rb:37:in `call'
  actionpack (4.2.0) lib/action_dispatch/middleware/show_exceptions.rb:30:in `call'
  railties (4.2.0) lib/rails/rack/logger.rb:38:in `call_app'
  railties (4.2.0) lib/rails/rack/logger.rb:20:in `block in call'
  activesupport (4.2.0) lib/active_support/tagged_logging.rb:68:in `block in tagged'
  activesupport (4.2.0) lib/active_support/tagged_logging.rb:26:in `tagged'
  activesupport (4.2.0) lib/active_support/tagged_logging.rb:68:in `tagged'
  railties (4.2.0) lib/rails/rack/logger.rb:20:in `call'
  actionpack (4.2.0) lib/action_dispatch/middleware/request_id.rb:21:in `call'
  rack (1.6.0) lib/rack/methodoverride.rb:22:in `call'
  rack (1.6.0) lib/rack/runtime.rb:18:in `call'
  activesupport (4.2.0) lib/active_support/cache/strategy/local_cache_middleware.rb:28:in `call'
  rack (1.6.0) lib/rack/lock.rb:17:in `call'
  actionpack (4.2.0) lib/action_dispatch/middleware/static.rb:113:in `call'
  rack (1.6.0) lib/rack/sendfile.rb:113:in `call'
  railties (4.2.0) lib/rails/engine.rb:518:in `call'
  railties (4.2.0) lib/rails/application.rb:164:in `call'
  rack (1.6.0) lib/rack/lock.rb:17:in `call'
  rack (1.6.0) lib/rack/content_length.rb:15:in `call'
  rack (1.6.0) lib/rack/handler/webrick.rb:89:in `service'
  /Users/victorkwan/.rbenv/versions/2.2.1/lib/ruby/2.2.0/webrick/httpserver.rb:138:in `service'
  /Users/victorkwan/.rbenv/versions/2.2.1/lib/ruby/2.2.0/webrick/httpserver.rb:94:in `run'
  /Users/victorkwan/.rbenv/versions/2.2.1/lib/ruby/2.2.0/webrick/server.rb:294:in `block in start_thread'


  Rendered /Users/victorkwan/.rvm/gems/ruby-2.2.1/gems/actionpack-4.2.0/lib/action_dispatch/middleware/templates/rescues/_trace.html.erb (1.1ms)
  Rendered /Users/victorkwan/.rvm/gems/ruby-2.2.1/gems/actionpack-4.2.0/lib/action_dispatch/middleware/templates/routes/_route.html.erb (2.3ms)
  Rendered /Users/victorkwan/.rvm/gems/ruby-2.2.1/gems/actionpack-4.2.0/lib/action_dispatch/middleware/templates/routes/_table.html.erb (1.2ms)
  Rendered /Users/victorkwan/.rvm/gems/ruby-2.2.1/gems/actionpack-4.2.0/lib/action_dispatch/middleware/templates/rescues/_request_and_response.html.erb (1.1ms)
  Rendered /Users/victorkwan/.rvm/gems/ruby-2.2.1/gems/actionpack-4.2.0/lib/action_dispatch/middleware/templates/rescues/routing_error.html.erb within rescues/layout (69.4ms)
  Rendered /Users/victorkwan/.rvm/gems/ruby-2.2.1/gems/web-console-2.1.2/lib/web_console/templates/_markup.html.erb (0.3ms)
  Rendered /Users/victorkwan/.rvm/gems/ruby-2.2.1/gems/web-console-2.1.2/lib/web_console/templates/style.css.erb within layouts/inlined_string (0.3ms)
  Rendered /Users/victorkwan/.rvm/gems/ruby-2.2.1/gems/web-console-2.1.2/lib/web_console/templates/_inner_console_markup.html.erb within layouts/inlined_string (0.3ms)
  Rendered /Users/victorkwan/.rvm/gems/ruby-2.2.1/gems/web-console-2.1.2/lib/web_console/templates/_prompt_box_markup.html.erb within layouts/inlined_string (0.2ms)
  Rendered /Users/victorkwan/.rvm/gems/ruby-2.2.1/gems/web-console-2.1.2/lib/web_console/templates/console.js.erb within layouts/javascript (40.3ms)
  Rendered /Users/victorkwan/.rvm/gems/ruby-2.2.1/gems/web-console-2.1.2/lib/web_console/templates/main.js.erb within layouts/javascript (0.2ms)
  Rendered /Users/victorkwan/.rvm/gems/ruby-2.2.1/gems/web-console-2.1.2/lib/web_console/templates/error_page.js.erb within layouts/javascript (0.5ms)
  Rendered /Users/victorkwan/.rvm/gems/ruby-2.2.1/gems/web-console-2.1.2/lib/web_console/templates/index.html.erb (95.2ms)


Started POST "/pendings?quest_id=2" for ::1 at 2015-04-24 15:41:31 -0700
Processing by PendingsController#create as HTML
  Parameters: {"authenticity_token"=>"pX3/zc0WbZr4LmImiKVZeDUWsJWsZegHlOje3nAfbuicJxVi1LWiEKpeA6FzlM25b/Y2MeteubPgzFWYVFV7Bw==", "quest_id"=>"2"}
  [1m[36m (0.1ms)[0m  [1mBEGIN[0m
  [1m[35mSQL (0.2ms)[0m  INSERT INTO `pendings` VALUES ()
  [1m[36m (1.2ms)[0m  [1mCOMMIT[0m
  [1m[35m (0.1ms)[0m  BEGIN
  [1m[36m (0.1ms)[0m  [1mCOMMIT[0m
Redirected to http://localhost:3000/pendings/4
Completed 302 Found in 6ms (ActiveRecord: 1.8ms)


Started GET "/pendings/4" for ::1 at 2015-04-24 15:41:31 -0700
Processing by PendingsController#show as HTML
  Parameters: {"id"=>"4"}
  [1m[35mPending Load (0.2ms)[0m  SELECT  `pendings`.* FROM `pendings` WHERE `pendings`.`id` = 4 LIMIT 1
  Rendered pendings/show.html.erb within layouts/application (0.5ms)
Completed 200 OK in 28ms (Views: 27.1ms | ActiveRecord: 0.2ms)


Started GET "/javascripts/application.js" for ::1 at 2015-04-24 15:41:31 -0700

ActionController::RoutingError (No route matches [GET] "/javascripts/application.js"):
  actionpack (4.2.0) lib/action_dispatch/middleware/debug_exceptions.rb:21:in `call'
  web-console (2.1.2) lib/web_console/middleware.rb:37:in `call'
  actionpack (4.2.0) lib/action_dispatch/middleware/show_exceptions.rb:30:in `call'
  railties (4.2.0) lib/rails/rack/logger.rb:38:in `call_app'
  railties (4.2.0) lib/rails/rack/logger.rb:20:in `block in call'
  activesupport (4.2.0) lib/active_support/tagged_logging.rb:68:in `block in tagged'
  activesupport (4.2.0) lib/active_support/tagged_logging.rb:26:in `tagged'
  activesupport (4.2.0) lib/active_support/tagged_logging.rb:68:in `tagged'
  railties (4.2.0) lib/rails/rack/logger.rb:20:in `call'
  actionpack (4.2.0) lib/action_dispatch/middleware/request_id.rb:21:in `call'
  rack (1.6.0) lib/rack/methodoverride.rb:22:in `call'
  rack (1.6.0) lib/rack/runtime.rb:18:in `call'
  activesupport (4.2.0) lib/active_support/cache/strategy/local_cache_middleware.rb:28:in `call'
  rack (1.6.0) lib/rack/lock.rb:17:in `call'
  actionpack (4.2.0) lib/action_dispatch/middleware/static.rb:113:in `call'
  rack (1.6.0) lib/rack/sendfile.rb:113:in `call'
  railties (4.2.0) lib/rails/engine.rb:518:in `call'
  railties (4.2.0) lib/rails/application.rb:164:in `call'
  rack (1.6.0) lib/rack/lock.rb:17:in `call'
  rack (1.6.0) lib/rack/content_length.rb:15:in `call'
  rack (1.6.0) lib/rack/handler/webrick.rb:89:in `service'
  /Users/victorkwan/.rbenv/versions/2.2.1/lib/ruby/2.2.0/webrick/httpserver.rb:138:in `service'
  /Users/victorkwan/.rbenv/versions/2.2.1/lib/ruby/2.2.0/webrick/httpserver.rb:94:in `run'
  /Users/victorkwan/.rbenv/versions/2.2.1/lib/ruby/2.2.0/webrick/server.rb:294:in `block in start_thread'


  Rendered /Users/victorkwan/.rvm/gems/ruby-2.2.1/gems/actionpack-4.2.0/lib/action_dispatch/middleware/templates/rescues/_trace.html.erb (1.3ms)
  Rendered /Users/victorkwan/.rvm/gems/ruby-2.2.1/gems/actionpack-4.2.0/lib/action_dispatch/middleware/templates/routes/_route.html.erb (2.1ms)
  Rendered /Users/victorkwan/.rvm/gems/ruby-2.2.1/gems/actionpack-4.2.0/lib/action_dispatch/middleware/templates/routes/_table.html.erb (1.0ms)
  Rendered /Users/victorkwan/.rvm/gems/ruby-2.2.1/gems/actionpack-4.2.0/lib/action_dispatch/middleware/templates/rescues/_request_and_response.html.erb (2.2ms)
  Rendered /Users/victorkwan/.rvm/gems/ruby-2.2.1/gems/actionpack-4.2.0/lib/action_dispatch/middleware/templates/rescues/routing_error.html.erb within rescues/layout (68.3ms)
  Rendered /Users/victorkwan/.rvm/gems/ruby-2.2.1/gems/web-console-2.1.2/lib/web_console/templates/_markup.html.erb (0.4ms)
  Rendered /Users/victorkwan/.rvm/gems/ruby-2.2.1/gems/web-console-2.1.2/lib/web_console/templates/style.css.erb within layouts/inlined_string (0.2ms)
  Rendered /Users/victorkwan/.rvm/gems/ruby-2.2.1/gems/web-console-2.1.2/lib/web_console/templates/_inner_console_markup.html.erb within layouts/inlined_string (0.5ms)
  Rendered /Users/victorkwan/.rvm/gems/ruby-2.2.1/gems/web-console-2.1.2/lib/web_console/templates/_prompt_box_markup.html.erb within layouts/inlined_string (0.3ms)
  Rendered /Users/victorkwan/.rvm/gems/ruby-2.2.1/gems/web-console-2.1.2/lib/web_console/templates/console.js.erb within layouts/javascript (39.5ms)
  Rendered /Users/victorkwan/.rvm/gems/ruby-2.2.1/gems/web-console-2.1.2/lib/web_console/templates/main.js.erb within layouts/javascript (0.2ms)
  Rendered /Users/victorkwan/.rvm/gems/ruby-2.2.1/gems/web-console-2.1.2/lib/web_console/templates/error_page.js.erb within layouts/javascript (0.3ms)
  Rendered /Users/victorkwan/.rvm/gems/ruby-2.2.1/gems/web-console-2.1.2/lib/web_console/templates/index.html.erb (87.1ms)


Started POST "/pendings?quest_id=2" for ::1 at 2015-04-24 15:41:50 -0700
Processing by PendingsController#create as HTML
  Parameters: {"authenticity_token"=>"pX3/zc0WbZr4LmImiKVZeDUWsJWsZegHlOje3nAfbuicJxVi1LWiEKpeA6FzlM25b/Y2MeteubPgzFWYVFV7Bw==", "quest_id"=>"2"}
  [1m[36m (0.1ms)[0m  [1mBEGIN[0m
  [1m[35mSQL (0.2ms)[0m  INSERT INTO `pendings` VALUES ()
  [1m[36m (0.4ms)[0m  [1mCOMMIT[0m
  [1m[35m (0.1ms)[0m  BEGIN
  [1m[36m (0.1ms)[0m  [1mCOMMIT[0m
Redirected to http://localhost:3000/pendings/5
Completed 302 Found in 5ms (ActiveRecord: 0.9ms)


Started GET "/pendings/5" for ::1 at 2015-04-24 15:41:50 -0700
Processing by PendingsController#show as HTML
  Parameters: {"id"=>"5"}
  [1m[35mPending Load (0.2ms)[0m  SELECT  `pendings`.* FROM `pendings` WHERE `pendings`.`id` = 5 LIMIT 1
  Rendered pendings/show.html.erb within layouts/application (0.3ms)
Completed 200 OK in 30ms (Views: 29.6ms | ActiveRecord: 0.2ms)


Started GET "/javascripts/application.js" for ::1 at 2015-04-24 15:41:50 -0700

ActionController::RoutingError (No route matches [GET] "/javascripts/application.js"):
  actionpack (4.2.0) lib/action_dispatch/middleware/debug_exceptions.rb:21:in `call'
  web-console (2.1.2) lib/web_console/middleware.rb:37:in `call'
  actionpack (4.2.0) lib/action_dispatch/middleware/show_exceptions.rb:30:in `call'
  railties (4.2.0) lib/rails/rack/logger.rb:38:in `call_app'
  railties (4.2.0) lib/rails/rack/logger.rb:20:in `block in call'
  activesupport (4.2.0) lib/active_support/tagged_logging.rb:68:in `block in tagged'
  activesupport (4.2.0) lib/active_support/tagged_logging.rb:26:in `tagged'
  activesupport (4.2.0) lib/active_support/tagged_logging.rb:68:in `tagged'
  railties (4.2.0) lib/rails/rack/logger.rb:20:in `call'
  actionpack (4.2.0) lib/action_dispatch/middleware/request_id.rb:21:in `call'
  rack (1.6.0) lib/rack/methodoverride.rb:22:in `call'
  rack (1.6.0) lib/rack/runtime.rb:18:in `call'
  activesupport (4.2.0) lib/active_support/cache/strategy/local_cache_middleware.rb:28:in `call'
  rack (1.6.0) lib/rack/lock.rb:17:in `call'
  actionpack (4.2.0) lib/action_dispatch/middleware/static.rb:113:in `call'
  rack (1.6.0) lib/rack/sendfile.rb:113:in `call'
  railties (4.2.0) lib/rails/engine.rb:518:in `call'
  railties (4.2.0) lib/rails/application.rb:164:in `call'
  rack (1.6.0) lib/rack/lock.rb:17:in `call'
  rack (1.6.0) lib/rack/content_length.rb:15:in `call'
  rack (1.6.0) lib/rack/handler/webrick.rb:89:in `service'
  /Users/victorkwan/.rbenv/versions/2.2.1/lib/ruby/2.2.0/webrick/httpserver.rb:138:in `service'
  /Users/victorkwan/.rbenv/versions/2.2.1/lib/ruby/2.2.0/webrick/httpserver.rb:94:in `run'
  /Users/victorkwan/.rbenv/versions/2.2.1/lib/ruby/2.2.0/webrick/server.rb:294:in `block in start_thread'


  Rendered /Users/victorkwan/.rvm/gems/ruby-2.2.1/gems/actionpack-4.2.0/lib/action_dispatch/middleware/templates/rescues/_trace.html.erb (1.4ms)
  Rendered /Users/victorkwan/.rvm/gems/ruby-2.2.1/gems/actionpack-4.2.0/lib/action_dispatch/middleware/templates/routes/_route.html.erb (2.1ms)
  Rendered /Users/victorkwan/.rvm/gems/ruby-2.2.1/gems/actionpack-4.2.0/lib/action_dispatch/middleware/templates/routes/_table.html.erb (1.4ms)
  Rendered /Users/victorkwan/.rvm/gems/ruby-2.2.1/gems/actionpack-4.2.0/lib/action_dispatch/middleware/templates/rescues/_request_and_response.html.erb (1.4ms)
  Rendered /Users/victorkwan/.rvm/gems/ruby-2.2.1/gems/actionpack-4.2.0/lib/action_dispatch/middleware/templates/rescues/routing_error.html.erb within rescues/layout (71.9ms)
  Rendered /Users/victorkwan/.rvm/gems/ruby-2.2.1/gems/web-console-2.1.2/lib/web_console/templates/_markup.html.erb (0.4ms)
  Rendered /Users/victorkwan/.rvm/gems/ruby-2.2.1/gems/web-console-2.1.2/lib/web_console/templates/style.css.erb within layouts/inlined_string (0.4ms)
  Rendered /Users/victorkwan/.rvm/gems/ruby-2.2.1/gems/web-console-2.1.2/lib/web_console/templates/_inner_console_markup.html.erb within layouts/inlined_string (0.4ms)
  Rendered /Users/victorkwan/.rvm/gems/ruby-2.2.1/gems/web-console-2.1.2/lib/web_console/templates/_prompt_box_markup.html.erb within layouts/inlined_string (0.3ms)
  Rendered /Users/victorkwan/.rvm/gems/ruby-2.2.1/gems/web-console-2.1.2/lib/web_console/templates/console.js.erb within layouts/javascript (42.4ms)
  Rendered /Users/victorkwan/.rvm/gems/ruby-2.2.1/gems/web-console-2.1.2/lib/web_console/templates/main.js.erb within layouts/javascript (0.3ms)
  Rendered /Users/victorkwan/.rvm/gems/ruby-2.2.1/gems/web-console-2.1.2/lib/web_console/templates/error_page.js.erb within layouts/javascript (0.3ms)
  Rendered /Users/victorkwan/.rvm/gems/ruby-2.2.1/gems/web-console-2.1.2/lib/web_console/templates/index.html.erb (90.7ms)


Started GET "/pendings" for ::1 at 2015-04-24 15:41:51 -0700
Processing by PendingsController#index as HTML
  [1m[36mPending Load (0.2ms)[0m  [1mSELECT `pendings`.* FROM `pendings`[0m
  Rendered pendings/index.html.erb within layouts/application (2.3ms)
Completed 200 OK in 28ms (Views: 27.1ms | ActiveRecord: 0.2ms)


Started GET "/javascripts/application.js" for ::1 at 2015-04-24 15:41:52 -0700

ActionController::RoutingError (No route matches [GET] "/javascripts/application.js"):
  actionpack (4.2.0) lib/action_dispatch/middleware/debug_exceptions.rb:21:in `call'
  web-console (2.1.2) lib/web_console/middleware.rb:37:in `call'
  actionpack (4.2.0) lib/action_dispatch/middleware/show_exceptions.rb:30:in `call'
  railties (4.2.0) lib/rails/rack/logger.rb:38:in `call_app'
  railties (4.2.0) lib/rails/rack/logger.rb:20:in `block in call'
  activesupport (4.2.0) lib/active_support/tagged_logging.rb:68:in `block in tagged'
  activesupport (4.2.0) lib/active_support/tagged_logging.rb:26:in `tagged'
  activesupport (4.2.0) lib/active_support/tagged_logging.rb:68:in `tagged'
  railties (4.2.0) lib/rails/rack/logger.rb:20:in `call'
  actionpack (4.2.0) lib/action_dispatch/middleware/request_id.rb:21:in `call'
  rack (1.6.0) lib/rack/methodoverride.rb:22:in `call'
  rack (1.6.0) lib/rack/runtime.rb:18:in `call'
  activesupport (4.2.0) lib/active_support/cache/strategy/local_cache_middleware.rb:28:in `call'
  rack (1.6.0) lib/rack/lock.rb:17:in `call'
  actionpack (4.2.0) lib/action_dispatch/middleware/static.rb:113:in `call'
  rack (1.6.0) lib/rack/sendfile.rb:113:in `call'
  railties (4.2.0) lib/rails/engine.rb:518:in `call'
  railties (4.2.0) lib/rails/application.rb:164:in `call'
  rack (1.6.0) lib/rack/lock.rb:17:in `call'
  rack (1.6.0) lib/rack/content_length.rb:15:in `call'
  rack (1.6.0) lib/rack/handler/webrick.rb:89:in `service'
  /Users/victorkwan/.rbenv/versions/2.2.1/lib/ruby/2.2.0/webrick/httpserver.rb:138:in `service'
  /Users/victorkwan/.rbenv/versions/2.2.1/lib/ruby/2.2.0/webrick/httpserver.rb:94:in `run'
  /Users/victorkwan/.rbenv/versions/2.2.1/lib/ruby/2.2.0/webrick/server.rb:294:in `block in start_thread'


  Rendered /Users/victorkwan/.rvm/gems/ruby-2.2.1/gems/actionpack-4.2.0/lib/action_dispatch/middleware/templates/rescues/_trace.html.erb (2.5ms)
  Rendered /Users/victorkwan/.rvm/gems/ruby-2.2.1/gems/actionpack-4.2.0/lib/action_dispatch/middleware/templates/routes/_route.html.erb (1.9ms)
  Rendered /Users/victorkwan/.rvm/gems/ruby-2.2.1/gems/actionpack-4.2.0/lib/action_dispatch/middleware/templates/routes/_table.html.erb (1.4ms)
  Rendered /Users/victorkwan/.rvm/gems/ruby-2.2.1/gems/actionpack-4.2.0/lib/action_dispatch/middleware/templates/rescues/_request_and_response.html.erb (1.1ms)
  Rendered /Users/victorkwan/.rvm/gems/ruby-2.2.1/gems/actionpack-4.2.0/lib/action_dispatch/middleware/templates/rescues/routing_error.html.erb within rescues/layout (71.2ms)
  Rendered /Users/victorkwan/.rvm/gems/ruby-2.2.1/gems/web-console-2.1.2/lib/web_console/templates/_markup.html.erb (0.4ms)
  Rendered /Users/victorkwan/.rvm/gems/ruby-2.2.1/gems/web-console-2.1.2/lib/web_console/templates/style.css.erb within layouts/inlined_string (0.3ms)
  Rendered /Users/victorkwan/.rvm/gems/ruby-2.2.1/gems/web-console-2.1.2/lib/web_console/templates/_inner_console_markup.html.erb within layouts/inlined_string (0.3ms)
  Rendered /Users/victorkwan/.rvm/gems/ruby-2.2.1/gems/web-console-2.1.2/lib/web_console/templates/_prompt_box_markup.html.erb within layouts/inlined_string (0.2ms)
  Rendered /Users/victorkwan/.rvm/gems/ruby-2.2.1/gems/web-console-2.1.2/lib/web_console/templates/console.js.erb within layouts/javascript (38.3ms)
  Rendered /Users/victorkwan/.rvm/gems/ruby-2.2.1/gems/web-console-2.1.2/lib/web_console/templates/main.js.erb within layouts/javascript (0.3ms)
  Rendered /Users/victorkwan/.rvm/gems/ruby-2.2.1/gems/web-console-2.1.2/lib/web_console/templates/error_page.js.erb within layouts/javascript (0.6ms)
  Rendered /Users/victorkwan/.rvm/gems/ruby-2.2.1/gems/web-console-2.1.2/lib/web_console/templates/index.html.erb (85.2ms)


Started GET "/pendings/1" for ::1 at 2015-04-24 15:41:54 -0700
Processing by PendingsController#show as HTML
  Parameters: {"id"=>"1"}
  [1m[35mPending Load (0.2ms)[0m  SELECT  `pendings`.* FROM `pendings` WHERE `pendings`.`id` = 1 LIMIT 1
  Rendered pendings/show.html.erb within layouts/application (0.3ms)
Completed 200 OK in 26ms (Views: 25.4ms | ActiveRecord: 0.2ms)


Started GET "/javascripts/application.js" for ::1 at 2015-04-24 15:41:54 -0700

ActionController::RoutingError (No route matches [GET] "/javascripts/application.js"):
  actionpack (4.2.0) lib/action_dispatch/middleware/debug_exceptions.rb:21:in `call'
  web-console (2.1.2) lib/web_console/middleware.rb:37:in `call'
  actionpack (4.2.0) lib/action_dispatch/middleware/show_exceptions.rb:30:in `call'
  railties (4.2.0) lib/rails/rack/logger.rb:38:in `call_app'
  railties (4.2.0) lib/rails/rack/logger.rb:20:in `block in call'
  activesupport (4.2.0) lib/active_support/tagged_logging.rb:68:in `block in tagged'
  activesupport (4.2.0) lib/active_support/tagged_logging.rb:26:in `tagged'
  activesupport (4.2.0) lib/active_support/tagged_logging.rb:68:in `tagged'
  railties (4.2.0) lib/rails/rack/logger.rb:20:in `call'
  actionpack (4.2.0) lib/action_dispatch/middleware/request_id.rb:21:in `call'
  rack (1.6.0) lib/rack/methodoverride.rb:22:in `call'
  rack (1.6.0) lib/rack/runtime.rb:18:in `call'
  activesupport (4.2.0) lib/active_support/cache/strategy/local_cache_middleware.rb:28:in `call'
  rack (1.6.0) lib/rack/lock.rb:17:in `call'
  actionpack (4.2.0) lib/action_dispatch/middleware/static.rb:113:in `call'
  rack (1.6.0) lib/rack/sendfile.rb:113:in `call'
  railties (4.2.0) lib/rails/engine.rb:518:in `call'
  railties (4.2.0) lib/rails/application.rb:164:in `call'
  rack (1.6.0) lib/rack/lock.rb:17:in `call'
  rack (1.6.0) lib/rack/content_length.rb:15:in `call'
  rack (1.6.0) lib/rack/handler/webrick.rb:89:in `service'
  /Users/victorkwan/.rbenv/versions/2.2.1/lib/ruby/2.2.0/webrick/httpserver.rb:138:in `service'
  /Users/victorkwan/.rbenv/versions/2.2.1/lib/ruby/2.2.0/webrick/httpserver.rb:94:in `run'
  /Users/victorkwan/.rbenv/versions/2.2.1/lib/ruby/2.2.0/webrick/server.rb:294:in `block in start_thread'


  Rendered /Users/victorkwan/.rvm/gems/ruby-2.2.1/gems/actionpack-4.2.0/lib/action_dispatch/middleware/templates/rescues/_trace.html.erb (2.4ms)
  Rendered /Users/victorkwan/.rvm/gems/ruby-2.2.1/gems/actionpack-4.2.0/lib/action_dispatch/middleware/templates/routes/_route.html.erb (3.7ms)
  Rendered /Users/victorkwan/.rvm/gems/ruby-2.2.1/gems/actionpack-4.2.0/lib/action_dispatch/middleware/templates/routes/_table.html.erb (2.6ms)
  Rendered /Users/victorkwan/.rvm/gems/ruby-2.2.1/gems/actionpack-4.2.0/lib/action_dispatch/middleware/templates/rescues/_request_and_response.html.erb (1.2ms)
  Rendered /Users/victorkwan/.rvm/gems/ruby-2.2.1/gems/actionpack-4.2.0/lib/action_dispatch/middleware/templates/rescues/routing_error.html.erb within rescues/layout (80.5ms)
  Rendered /Users/victorkwan/.rvm/gems/ruby-2.2.1/gems/web-console-2.1.2/lib/web_console/templates/_markup.html.erb (0.4ms)
  Rendered /Users/victorkwan/.rvm/gems/ruby-2.2.1/gems/web-console-2.1.2/lib/web_console/templates/style.css.erb within layouts/inlined_string (0.5ms)
  Rendered /Users/victorkwan/.rvm/gems/ruby-2.2.1/gems/web-console-2.1.2/lib/web_console/templates/_inner_console_markup.html.erb within layouts/inlined_string (0.5ms)
  Rendered /Users/victorkwan/.rvm/gems/ruby-2.2.1/gems/web-console-2.1.2/lib/web_console/templates/_prompt_box_markup.html.erb within layouts/inlined_string (0.4ms)
  Rendered /Users/victorkwan/.rvm/gems/ruby-2.2.1/gems/web-console-2.1.2/lib/web_console/templates/console.js.erb within layouts/javascript (39.3ms)
  Rendered /Users/victorkwan/.rvm/gems/ruby-2.2.1/gems/web-console-2.1.2/lib/web_console/templates/main.js.erb within layouts/javascript (0.6ms)
  Rendered /Users/victorkwan/.rvm/gems/ruby-2.2.1/gems/web-console-2.1.2/lib/web_console/templates/error_page.js.erb within layouts/javascript (0.5ms)
  Rendered /Users/victorkwan/.rvm/gems/ruby-2.2.1/gems/web-console-2.1.2/lib/web_console/templates/index.html.erb (87.7ms)


Started GET "/pendings/1/edit" for ::1 at 2015-04-24 15:41:56 -0700
Processing by PendingsController#edit as HTML
  Parameters: {"id"=>"1"}
  [1m[36mPending Load (0.3ms)[0m  [1mSELECT  `pendings`.* FROM `pendings` WHERE `pendings`.`id` = 1 LIMIT 1[0m
  Rendered pendings/_form.html.erb (17.5ms)
  Rendered pendings/edit.html.erb within layouts/application (19.1ms)
Completed 500 Internal Server Error in 24ms

ActionView::Template::Error (undefined method `quest_id_id' for #<Pending id: 1, quest_id: nil, user_id: nil>):
    13: 
    14:   <div class="field">
    15:     <%= f.label :quest_id_id %><br>
    16:     <%= f.text_field :quest_id_id %>
    17:   </div>
    18:   <div class="field">
    19:     <%= f.label :user_id_id %><br>
  app/views/pendings/_form.html.erb:16:in `block in _app_views_pendings__form_html_erb___464830187488135373_70245934686060'
  app/views/pendings/_form.html.erb:1:in `_app_views_pendings__form_html_erb___464830187488135373_70245934686060'
  app/views/pendings/edit.html.erb:3:in `_app_views_pendings_edit_html_erb__3803118363245092163_70245934601560'


  Rendered /Users/victorkwan/.rvm/gems/ruby-2.2.1/gems/actionpack-4.2.0/lib/action_dispatch/middleware/templates/rescues/_source.erb (6.5ms)
  Rendered /Users/victorkwan/.rvm/gems/ruby-2.2.1/gems/actionpack-4.2.0/lib/action_dispatch/middleware/templates/rescues/_trace.html.erb (3.6ms)
  Rendered /Users/victorkwan/.rvm/gems/ruby-2.2.1/gems/actionpack-4.2.0/lib/action_dispatch/middleware/templates/rescues/_request_and_response.html.erb (0.7ms)
  Rendered /Users/victorkwan/.rvm/gems/ruby-2.2.1/gems/actionpack-4.2.0/lib/action_dispatch/middleware/templates/rescues/template_error.html.erb within rescues/layout (49.2ms)
  Rendered /Users/victorkwan/.rvm/gems/ruby-2.2.1/gems/web-console-2.1.2/lib/web_console/templates/_markup.html.erb (0.2ms)
  Rendered /Users/victorkwan/.rvm/gems/ruby-2.2.1/gems/web-console-2.1.2/lib/web_console/templates/style.css.erb within layouts/inlined_string (0.2ms)
  Rendered /Users/victorkwan/.rvm/gems/ruby-2.2.1/gems/web-console-2.1.2/lib/web_console/templates/_inner_console_markup.html.erb within layouts/inlined_string (0.2ms)
  Rendered /Users/victorkwan/.rvm/gems/ruby-2.2.1/gems/web-console-2.1.2/lib/web_console/templates/_prompt_box_markup.html.erb within layouts/inlined_string (0.3ms)
  Rendered /Users/victorkwan/.rvm/gems/ruby-2.2.1/gems/web-console-2.1.2/lib/web_console/templates/console.js.erb within layouts/javascript (36.7ms)
  Rendered /Users/victorkwan/.rvm/gems/ruby-2.2.1/gems/web-console-2.1.2/lib/web_console/templates/main.js.erb within layouts/javascript (0.2ms)
  Rendered /Users/victorkwan/.rvm/gems/ruby-2.2.1/gems/web-console-2.1.2/lib/web_console/templates/error_page.js.erb within layouts/javascript (0.3ms)
  Rendered /Users/victorkwan/.rvm/gems/ruby-2.2.1/gems/web-console-2.1.2/lib/web_console/templates/index.html.erb (78.4ms)


Started GET "/" for ::1 at 2015-04-24 16:26:30 -0700
  [1m[36mActiveRecord::SchemaMigration Load (0.2ms)[0m  [1mSELECT `schema_migrations`.* FROM `schema_migrations`[0m
Processing by QuestsController#home as HTML
  Rendered quests/home.html.erb within layouts/home_layout (181.2ms)
Completed 200 OK in 4499ms (Views: 4490.0ms | ActiveRecord: 0.0ms)


Started GET "/assets/home.self-abd7ba3e4f6a107c5343029aac7ab065737a100184ff2270265cc1f0ae6807eb.css?body=1" for ::1 at 2015-04-24 16:26:34 -0700


Started GET "/assets/h1.jpg" for ::1 at 2015-04-24 16:26:34 -0700


Started POST "/users/sign_in" for ::1 at 2015-04-24 16:26:36 -0700
Processing by Devise::SessionsController#create as HTML
  Parameters: {"authenticity_token"=>"JrtHKfSFZedpxJkPaWRXX1eTpYbp5C2J+Ftdtb1A9SAf4a2G7SaqbTu0+IiSVcOeDXMjIq7ffD2Mf9bzmQrgzw=="}
Completed 401 Unauthorized in 4ms
Processing by Devise::SessionsController#new as HTML
  Parameters: {"authenticity_token"=>"JrtHKfSFZedpxJkPaWRXX1eTpYbp5C2J+Ftdtb1A9SAf4a2G7SaqbTu0+IiSVcOeDXMjIq7ffD2Mf9bzmQrgzw=="}
  Rendered devise/shared/_links.html.erb (5.4ms)
  Rendered devise/sessions/new.html.erb within layouts/application (51.8ms)
Completed 200 OK in 2607ms (Views: 2595.7ms | ActiveRecord: 1.5ms)


Started GET "/assets/application.self-09817d815519420830079c0ce0d9ff60d833dfe86447a6dadb839ae51652fa0a.css?body=1" for ::1 at 2015-04-24 16:26:39 -0700


Started POST "/users/sign_in" for ::1 at 2015-04-24 16:26:43 -0700
Processing by Devise::SessionsController#create as HTML
  Parameters: {"utf8"=>"✓", "authenticity_token"=>"HTut6mC/y62XunxzSAz3eRR/2w2T5TWsj+cWWPmmGIckYUdFeRwEJ8XKHfSzPWO4Tp9dqdTeZBj7w50e3ewNaA==", "user"=>{"email"=>"rydy@qa.com", "password"=>"[FILTERED]", "remember_me"=>"0"}, "commit"=>"Log in"}
  [1m[35mUser Load (0.3ms)[0m  SELECT  `users`.* FROM `users` WHERE `users`.`email` = 'rydy@qa.com'  ORDER BY `users`.`id` ASC LIMIT 1
Completed 401 Unauthorized in 79ms
Processing by Devise::SessionsController#new as HTML
  Parameters: {"utf8"=>"✓", "authenticity_token"=>"HTut6mC/y62XunxzSAz3eRR/2w2T5TWsj+cWWPmmGIckYUdFeRwEJ8XKHfSzPWO4Tp9dqdTeZBj7w50e3ewNaA==", "user"=>{"email"=>"rydy@qa.com", "password"=>"[FILTERED]", "remember_me"=>"0"}, "commit"=>"Log in"}
  Rendered devise/shared/_links.html.erb (3.8ms)
  Rendered devise/sessions/new.html.erb within layouts/application (10.0ms)
Completed 200 OK in 162ms (Views: 88.6ms | ActiveRecord: 0.0ms)


Started POST "/users/sign_in" for ::1 at 2015-04-24 16:26:49 -0700
Processing by Devise::SessionsController#create as HTML
  Parameters: {"utf8"=>"✓", "authenticity_token"=>"7c5exEyYLqUyHThHVLlh0zYSQEXbB9RVszf7Ou3UI1vUlLRrVTvhL2BtWcCviPUSbPLG4Zw8heHHE3B8yZ42tA==", "user"=>{"email"=>"rydy@qa.com", "password"=>"[FILTERED]", "remember_me"=>"0"}, "commit"=>"Log in"}
  [1m[36mUser Load (0.4ms)[0m  [1mSELECT  `users`.* FROM `users` WHERE `users`.`email` = 'rydy@qa.com'  ORDER BY `users`.`id` ASC LIMIT 1[0m
  [1m[35m (0.1ms)[0m  BEGIN
  [1m[36mSQL (0.3ms)[0m  [1mUPDATE `users` SET `last_sign_in_at` = '2015-04-24 23:26:49.727626', `current_sign_in_at` = '2015-04-24 23:26:49.727626', `last_sign_in_ip` = '::1', `current_sign_in_ip` = '::1', `sign_in_count` = 1, `updated_at` = '2015-04-24 23:26:49.728829' WHERE `users`.`id` = 2[0m
  [1m[35m (0.4ms)[0m  COMMIT
Redirected to http://localhost:3000/
Completed 302 Found in 89ms (ActiveRecord: 1.2ms)


Started GET "/" for ::1 at 2015-04-24 16:26:49 -0700
Processing by QuestsController#home as HTML
  Rendered quests/home.html.erb within layouts/home_layout (4.4ms)
Completed 200 OK in 74ms (Views: 73.1ms | ActiveRecord: 0.0ms)


Started GET "/assets/h1.jpg" for ::1 at 2015-04-24 16:26:49 -0700


Started GET "/listing" for ::1 at 2015-04-24 16:26:52 -0700
Processing by QuestsController#listing as HTML
  [1m[36mQuest Load (0.3ms)[0m  [1mSELECT `quests`.* FROM `quests`[0m
  [1m[35mUser Load (0.3ms)[0m  SELECT  `users`.* FROM `users` WHERE `users`.`id` = 2 LIMIT 1
  [1m[36mCACHE (0.0ms)[0m  [1mSELECT  `users`.* FROM `users` WHERE `users`.`id` = 2 LIMIT 1[0m  [["id", 2]]
  [1m[35mCACHE (0.0ms)[0m  SELECT  `users`.* FROM `users` WHERE `users`.`id` = 2 LIMIT 1  [["id", 2]]
  [1m[36mUser Load (0.3ms)[0m  [1mSELECT  `users`.* FROM `users` WHERE `users`.`id` = 3 LIMIT 1[0m
  Rendered quests/listing.html.erb within layouts/application (19.8ms)
  [1m[35mUser Load (0.3ms)[0m  SELECT  `users`.* FROM `users` WHERE `users`.`id` = 2  ORDER BY `users`.`id` ASC LIMIT 1
Completed 200 OK in 116ms (Views: 105.5ms | ActiveRecord: 2.4ms)


Started GET "/listing" for ::1 at 2015-04-24 16:26:52 -0700
Processing by QuestsController#listing as HTML
  [1m[36mQuest Load (0.3ms)[0m  [1mSELECT `quests`.* FROM `quests`[0m
  [1m[35mUser Load (0.2ms)[0m  SELECT  `users`.* FROM `users` WHERE `users`.`id` = 2 LIMIT 1
  [1m[36mCACHE (0.0ms)[0m  [1mSELECT  `users`.* FROM `users` WHERE `users`.`id` = 2 LIMIT 1[0m  [["id", 2]]
  [1m[35mCACHE (0.0ms)[0m  SELECT  `users`.* FROM `users` WHERE `users`.`id` = 2 LIMIT 1  [["id", 2]]
  [1m[36mUser Load (0.1ms)[0m  [1mSELECT  `users`.* FROM `users` WHERE `users`.`id` = 3 LIMIT 1[0m
  Rendered quests/listing.html.erb within layouts/application (4.5ms)
  [1m[35mUser Load (0.3ms)[0m  SELECT  `users`.* FROM `users` WHERE `users`.`id` = 2  ORDER BY `users`.`id` ASC LIMIT 1
Completed 200 OK in 85ms (Views: 84.0ms | ActiveRecord: 0.9ms)


Started GET "/quests/2" for ::1 at 2015-04-24 16:26:55 -0700
Processing by QuestsController#show as HTML
  Parameters: {"id"=>"2"}
  [1m[36mQuest Load (0.3ms)[0m  [1mSELECT  `quests`.* FROM `quests` WHERE `quests`.`id` = 2 LIMIT 1[0m
  [1m[35mUser Load (0.2ms)[0m  SELECT  `users`.* FROM `users` WHERE `users`.`id` = 2 LIMIT 1
  [1m[36mUser Load (0.2ms)[0m  [1mSELECT  `users`.* FROM `users` WHERE `users`.`id` = 3 LIMIT 1[0m
  [1m[35mPending Load (0.2ms)[0m  SELECT `pendings`.* FROM `pendings` WHERE `pendings`.`quest_id` = 2
  [1m[36mUser Load (0.1ms)[0m  [1mSELECT  `users`.* FROM `users` WHERE `users`.`id` = 2  ORDER BY `users`.`id` ASC LIMIT 1[0m
  Rendered quests/show.html.erb within layouts/application (25.6ms)
Completed 500 Internal Server Error in 32ms

ActionView::Template::Error (undefined method `pendings_path' for #<#<Class:0x007fd68a182618>:0x007fd6859e5198>):
    45:   <% end %>
    46: </p>
    47: 
    48: <%= button_to 'I want the Quest!!', pendings_path(pending: {quest_id: @quest.id, user_id: current_user.id}) %>
    49: 
    50: 
    51: 
  app/views/quests/show.html.erb:48:in `_app_views_quests_show_html_erb__570976362575033914_70279670660600'


  Rendered /Users/victorkwan/.rvm/gems/ruby-2.2.1/gems/actionpack-4.2.0/lib/action_dispatch/middleware/templates/rescues/_source.erb (9.0ms)
  Rendered /Users/victorkwan/.rvm/gems/ruby-2.2.1/gems/actionpack-4.2.0/lib/action_dispatch/middleware/templates/rescues/_trace.html.erb (2.5ms)
  Rendered /Users/victorkwan/.rvm/gems/ruby-2.2.1/gems/actionpack-4.2.0/lib/action_dispatch/middleware/templates/rescues/_request_and_response.html.erb (0.8ms)
  Rendered /Users/victorkwan/.rvm/gems/ruby-2.2.1/gems/actionpack-4.2.0/lib/action_dispatch/middleware/templates/rescues/template_error.html.erb within rescues/layout (59.6ms)
  Rendered /Users/victorkwan/.rvm/gems/ruby-2.2.1/gems/web-console-2.1.2/lib/web_console/templates/_markup.html.erb (0.3ms)
  Rendered /Users/victorkwan/.rvm/gems/ruby-2.2.1/gems/web-console-2.1.2/lib/web_console/templates/style.css.erb within layouts/inlined_string (0.4ms)
  Rendered /Users/victorkwan/.rvm/gems/ruby-2.2.1/gems/web-console-2.1.2/lib/web_console/templates/_inner_console_markup.html.erb within layouts/inlined_string (0.3ms)
  Rendered /Users/victorkwan/.rvm/gems/ruby-2.2.1/gems/web-console-2.1.2/lib/web_console/templates/_prompt_box_markup.html.erb within layouts/inlined_string (0.2ms)
  Rendered /Users/victorkwan/.rvm/gems/ruby-2.2.1/gems/web-console-2.1.2/lib/web_console/templates/console.js.erb within layouts/javascript (39.1ms)
  Rendered /Users/victorkwan/.rvm/gems/ruby-2.2.1/gems/web-console-2.1.2/lib/web_console/templates/main.js.erb within layouts/javascript (0.2ms)
  Rendered /Users/victorkwan/.rvm/gems/ruby-2.2.1/gems/web-console-2.1.2/lib/web_console/templates/error_page.js.erb within layouts/javascript (0.3ms)
  Rendered /Users/victorkwan/.rvm/gems/ruby-2.2.1/gems/web-console-2.1.2/lib/web_console/templates/index.html.erb (86.9ms)


Started GET "/quests/2" for ::1 at 2015-04-24 16:26:55 -0700
Processing by QuestsController#show as HTML
  Parameters: {"id"=>"2"}
  [1m[35mQuest Load (0.3ms)[0m  SELECT  `quests`.* FROM `quests` WHERE `quests`.`id` = 2 LIMIT 1
  [1m[36mUser Load (0.3ms)[0m  [1mSELECT  `users`.* FROM `users` WHERE `users`.`id` = 2 LIMIT 1[0m
  [1m[35mUser Load (0.1ms)[0m  SELECT  `users`.* FROM `users` WHERE `users`.`id` = 3 LIMIT 1
  [1m[36mPending Load (0.1ms)[0m  [1mSELECT `pendings`.* FROM `pendings` WHERE `pendings`.`quest_id` = 2[0m
  [1m[35mUser Load (0.2ms)[0m  SELECT  `users`.* FROM `users` WHERE `users`.`id` = 2  ORDER BY `users`.`id` ASC LIMIT 1
  Rendered quests/show.html.erb within layouts/application (15.2ms)
Completed 500 Internal Server Error in 20ms

ActionView::Template::Error (undefined method `pendings_path' for #<#<Class:0x007fd68a182618>:0x007fd68b930e40>):
    45:   <% end %>
    46: </p>
    47: 
    48: <%= button_to 'I want the Quest!!', pendings_path(pending: {quest_id: @quest.id, user_id: current_user.id}) %>
    49: 
    50: 
    51: 
  app/views/quests/show.html.erb:48:in `_app_views_quests_show_html_erb__570976362575033914_70279670332540'


  Rendered /Users/victorkwan/.rvm/gems/ruby-2.2.1/gems/actionpack-4.2.0/lib/action_dispatch/middleware/templates/rescues/_source.erb (5.4ms)
  Rendered /Users/victorkwan/.rvm/gems/ruby-2.2.1/gems/actionpack-4.2.0/lib/action_dispatch/middleware/templates/rescues/_trace.html.erb (2.2ms)
  Rendered /Users/victorkwan/.rvm/gems/ruby-2.2.1/gems/actionpack-4.2.0/lib/action_dispatch/middleware/templates/rescues/_request_and_response.html.erb (0.7ms)
  Rendered /Users/victorkwan/.rvm/gems/ruby-2.2.1/gems/actionpack-4.2.0/lib/action_dispatch/middleware/templates/rescues/template_error.html.erb within rescues/layout (44.8ms)
  Rendered /Users/victorkwan/.rvm/gems/ruby-2.2.1/gems/web-console-2.1.2/lib/web_console/templates/_markup.html.erb (0.3ms)
  Rendered /Users/victorkwan/.rvm/gems/ruby-2.2.1/gems/web-console-2.1.2/lib/web_console/templates/style.css.erb within layouts/inlined_string (0.2ms)
  Rendered /Users/victorkwan/.rvm/gems/ruby-2.2.1/gems/web-console-2.1.2/lib/web_console/templates/_inner_console_markup.html.erb within layouts/inlined_string (0.2ms)
  Rendered /Users/victorkwan/.rvm/gems/ruby-2.2.1/gems/web-console-2.1.2/lib/web_console/templates/_prompt_box_markup.html.erb within layouts/inlined_string (0.3ms)
  Rendered /Users/victorkwan/.rvm/gems/ruby-2.2.1/gems/web-console-2.1.2/lib/web_console/templates/console.js.erb within layouts/javascript (35.4ms)
  Rendered /Users/victorkwan/.rvm/gems/ruby-2.2.1/gems/web-console-2.1.2/lib/web_console/templates/main.js.erb within layouts/javascript (0.2ms)
  Rendered /Users/victorkwan/.rvm/gems/ruby-2.2.1/gems/web-console-2.1.2/lib/web_console/templates/error_page.js.erb within layouts/javascript (0.3ms)
  Rendered /Users/victorkwan/.rvm/gems/ruby-2.2.1/gems/web-console-2.1.2/lib/web_console/templates/index.html.erb (79.6ms)


Started GET "/quests/2" for ::1 at 2015-04-24 16:28:54 -0700
Processing by QuestsController#show as HTML
  Parameters: {"id"=>"2"}
  [1m[36mQuest Load (0.2ms)[0m  [1mSELECT  `quests`.* FROM `quests` WHERE `quests`.`id` = 2 LIMIT 1[0m
  [1m[35mUser Load (0.2ms)[0m  SELECT  `users`.* FROM `users` WHERE `users`.`id` = 2 LIMIT 1
  [1m[36mUser Load (0.2ms)[0m  [1mSELECT  `users`.* FROM `users` WHERE `users`.`id` = 3 LIMIT 1[0m
  [1m[35mPending Load (0.2ms)[0m  SELECT `pendings`.* FROM `pendings` WHERE `pendings`.`quest_id` = 2
  [1m[36mUser Load (0.2ms)[0m  [1mSELECT  `users`.* FROM `users` WHERE `users`.`id` = 2  ORDER BY `users`.`id` ASC LIMIT 1[0m
  Rendered quests/show.html.erb within layouts/application (19.7ms)
Completed 200 OK in 122ms (Views: 105.8ms | ActiveRecord: 5.4ms)


Started GET "/assets/application.self-09817d815519420830079c0ce0d9ff60d833dfe86447a6dadb839ae51652fa0a.css?body=1" for ::1 at 2015-04-24 16:28:54 -0700


Started GET "/assets/turbolinks.self-c37727e9bd6b2735da5c311aa83fead54ed0be6cc8bd9a65309e9c5abe2cbfff.js?body=1" for ::1 at 2015-04-24 16:28:54 -0700


Started GET "/assets/bootstrap/affix.self-68d1a5161d04ca9fe1b9d9f4114d9426c7798bf90f2703a97aca35c8113469bb.js?body=1" for ::1 at 2015-04-24 16:28:54 -0700


Started GET "/assets/jquery.self-d03a5518f45df77341bdbe6201ba3bfa547ebba8ed64f0ea56bfa5f96ea7c074.js?body=1" for ::1 at 2015-04-24 16:28:54 -0700


Started GET "/assets/jquery_ujs.self-8e98a7a072a6cee1372d19fff9ff3e6aa1e39a37d89d6f06861637d061113ee7.js?body=1" for ::1 at 2015-04-24 16:28:54 -0700


Started GET "/assets/bootstrap/alert.self-15ce09eba576e56db3edfd87accc0ff48823df915169e350b4fd97290f96aee1.js?body=1" for ::1 at 2015-04-24 16:28:54 -0700


Started GET "/assets/bootstrap/button.self-37c62bff1d75f86f3348b8679873d5156d8b9938b62841038dca21690f4740f1.js?body=1" for ::1 at 2015-04-24 16:28:55 -0700


Started GET "/assets/bootstrap/carousel.self-9aaab1a477b9c1156bab751cb8da47f77dace6da88eef8ae830e60f3cff3a8be.js?body=1" for ::1 at 2015-04-24 16:28:55 -0700


Started GET "/assets/bootstrap/collapse.self-eeece00cd06a3d7cc071ab7845b549d4991edd0f0895e4be70fe40bac2fb5f4b.js?body=1" for ::1 at 2015-04-24 16:28:55 -0700


Started GET "/assets/bootstrap/dropdown.self-a3998e7ca949c04cb86b5c635deb0abcc7a24dc02e81be66b8acfef02d811e45.js?body=1" for ::1 at 2015-04-24 16:28:55 -0700


Started GET "/assets/bootstrap/modal.self-f2759e138605770e60526c00c6d86cbb3378da203641f9d6b204c9f0192b9267.js?body=1" for ::1 at 2015-04-24 16:28:55 -0700


Started GET "/assets/bootstrap/scrollspy.self-5ea180afe4404f83fc97d997833f2edefd34475b0b5ddab310e27abc2bbd5f2f.js?body=1" for ::1 at 2015-04-24 16:28:55 -0700


Started GET "/assets/bootstrap/tab.self-e1bba7115c90301056ee94c4716de2fcbe4498015def2dab9ff9879f339bd245.js?body=1" for ::1 at 2015-04-24 16:28:55 -0700


Started GET "/assets/bootstrap/transition.self-7742dca5e6acf313fbb217811b48468282cddf1a9baea5c89ec92e367ef242cb.js?body=1" for ::1 at 2015-04-24 16:28:55 -0700


Started GET "/assets/bootstrap/tooltip.self-c3b5c16f394ab9c0391db4431aac4f2d2ddf1bba4c5d3228ed343de05ecc8e83.js?body=1" for ::1 at 2015-04-24 16:28:55 -0700


Started GET "/assets/bootstrap/popover.self-2674d99c3ab0415dba0b958a80b3840f70ff6368b155d890306c0291be49453b.js?body=1" for ::1 at 2015-04-24 16:28:55 -0700


Started GET "/assets/bootstrap-sprockets.self-fbfa5ad7d9aa0afe439ec4ff3883acc4cb92b62cb67c40d674320c9aa1d4642d.js?body=1" for ::1 at 2015-04-24 16:28:55 -0700


Started GET "/assets/bootstrap.self-2bbd2c0465f01b1f8270958ddfc2e62a08915f295a35d22df2971eb936cf3c64.js?body=1" for ::1 at 2015-04-24 16:28:55 -0700


Started GET "/assets/bootstrap.min.self-acc6a813b6dc0a695296b4fec3ca7fbc48269ab0b6345aa4c4acb64b80267dad.js?body=1" for ::1 at 2015-04-24 16:28:55 -0700


Started GET "/assets/application.self-3a3c8b61bda630ee689740ce7cbd0dd8ea6fdd45e2c42eef4661ab38cf268afe.js?body=1" for ::1 at 2015-04-24 16:28:55 -0700


Started POST "/pendings?pending%5Bquest_id%5D=2&pending%5Buser_id%5D=2" for ::1 at 2015-04-24 16:28:56 -0700
Processing by PendingsController#create as HTML
  Parameters: {"authenticity_token"=>"6wWP56v7/fzIZM5TSIJKO9/CrxVDDDNMP2k40s6kvd2G6ABHMJ96lgfKaow+iJYE8mJBt1sjsgiH2IVZkE4jHQ==", "pending"=>{"quest_id"=>"2", "user_id"=>"2"}}
  [1m[35m (0.1ms)[0m  BEGIN
  [1m[36mSQL (0.3ms)[0m  [1mINSERT INTO `pendings` (`quest_id`, `user_id`) VALUES (2, 2)[0m
  [1m[35m (0.8ms)[0m  COMMIT
Redirected to http://localhost:3000/pendings/6
Completed 302 Found in 6ms (ActiveRecord: 1.3ms)


Started GET "/pendings/6" for ::1 at 2015-04-24 16:28:56 -0700
Processing by PendingsController#show as HTML
  Parameters: {"id"=>"6"}
  [1m[36mPending Load (0.4ms)[0m  [1mSELECT  `pendings`.* FROM `pendings` WHERE `pendings`.`id` = 6 LIMIT 1[0m
  [1m[35mQuest Load (0.6ms)[0m  SELECT  `quests`.* FROM `quests` WHERE `quests`.`id` = 2 LIMIT 1
  [1m[36mUser Load (0.3ms)[0m  [1mSELECT  `users`.* FROM `users` WHERE `users`.`id` = 2 LIMIT 1[0m
  Rendered pendings/show.html.erb within layouts/application (7.6ms)
  [1m[35mUser Load (0.3ms)[0m  SELECT  `users`.* FROM `users` WHERE `users`.`id` = 2  ORDER BY `users`.`id` ASC LIMIT 1
Completed 200 OK in 101ms (Views: 97.9ms | ActiveRecord: 1.5ms)


Started GET "/pendings" for ::1 at 2015-04-24 16:28:58 -0700
Processing by PendingsController#index as HTML
  [1m[36mPending Load (0.2ms)[0m  [1mSELECT `pendings`.* FROM `pendings`[0m
  [1m[35mQuest Load (0.2ms)[0m  SELECT  `quests`.* FROM `quests` WHERE `quests`.`id` = 2 LIMIT 1
  [1m[36mUser Load (0.1ms)[0m  [1mSELECT  `users`.* FROM `users` WHERE `users`.`id` = 2 LIMIT 1[0m
  Rendered pendings/index.html.erb within layouts/application (4.3ms)
  [1m[35mUser Load (0.3ms)[0m  SELECT  `users`.* FROM `users` WHERE `users`.`id` = 2  ORDER BY `users`.`id` ASC LIMIT 1
Completed 200 OK in 83ms (Views: 81.9ms | ActiveRecord: 0.9ms)


Started DELETE "/pendings/1" for ::1 at 2015-04-24 16:29:03 -0700
Processing by PendingsController#destroy as HTML
  Parameters: {"authenticity_token"=>"RgQaystGW7XDftuKFWCF3saWfUNWwFOPcCtfcSHIzZkr6ZVqUCLc3wzQf1Vjalnh6zaT4U7v0svImuL6fyJTWQ==", "id"=>"1"}
  [1m[36mPending Load (0.2ms)[0m  [1mSELECT  `pendings`.* FROM `pendings` WHERE `pendings`.`id` = 1 LIMIT 1[0m
  [1m[35m (0.1ms)[0m  BEGIN
  [1m[36mSQL (1.0ms)[0m  [1mDELETE FROM `pendings` WHERE `pendings`.`id` = 1[0m
  [1m[35m (0.3ms)[0m  COMMIT
Redirected to http://localhost:3000/pendings
Completed 302 Found in 4ms (ActiveRecord: 1.6ms)


Started GET "/pendings" for ::1 at 2015-04-24 16:29:03 -0700
Processing by PendingsController#index as HTML
  [1m[36mPending Load (0.2ms)[0m  [1mSELECT `pendings`.* FROM `pendings`[0m
  [1m[35mQuest Load (0.2ms)[0m  SELECT  `quests`.* FROM `quests` WHERE `quests`.`id` = 2 LIMIT 1
  [1m[36mUser Load (0.2ms)[0m  [1mSELECT  `users`.* FROM `users` WHERE `users`.`id` = 2 LIMIT 1[0m
  Rendered pendings/index.html.erb within layouts/application (3.7ms)
  [1m[35mUser Load (0.3ms)[0m  SELECT  `users`.* FROM `users` WHERE `users`.`id` = 2  ORDER BY `users`.`id` ASC LIMIT 1
Completed 200 OK in 85ms (Views: 83.8ms | ActiveRecord: 0.8ms)


Started DELETE "/pendings/2" for ::1 at 2015-04-24 16:29:05 -0700
Processing by PendingsController#destroy as HTML
  Parameters: {"authenticity_token"=>"FeDaYB+DgErnT++6++ER1uaRGyuS6B43EodnFBtJHl54DVXAhOcHICjhS2WN683pyzH1iYrHn3OqNtqfRaOAng==", "id"=>"2"}
  [1m[36mPending Load (0.2ms)[0m  [1mSELECT  `pendings`.* FROM `pendings` WHERE `pendings`.`id` = 2 LIMIT 1[0m
  [1m[35m (0.1ms)[0m  BEGIN
  [1m[36mSQL (0.2ms)[0m  [1mDELETE FROM `pendings` WHERE `pendings`.`id` = 2[0m
  [1m[35m (0.7ms)[0m  COMMIT
Redirected to http://localhost:3000/pendings
Completed 302 Found in 3ms (ActiveRecord: 1.2ms)


Started GET "/pendings" for ::1 at 2015-04-24 16:29:05 -0700
Processing by PendingsController#index as HTML
  [1m[36mPending Load (0.2ms)[0m  [1mSELECT `pendings`.* FROM `pendings`[0m
  [1m[35mQuest Load (0.2ms)[0m  SELECT  `quests`.* FROM `quests` WHERE `quests`.`id` = 2 LIMIT 1
  [1m[36mUser Load (0.2ms)[0m  [1mSELECT  `users`.* FROM `users` WHERE `users`.`id` = 2 LIMIT 1[0m
  Rendered pendings/index.html.erb within layouts/application (2.9ms)
  [1m[35mUser Load (0.3ms)[0m  SELECT  `users`.* FROM `users` WHERE `users`.`id` = 2  ORDER BY `users`.`id` ASC LIMIT 1
Completed 200 OK in 83ms (Views: 81.6ms | ActiveRecord: 0.8ms)


Started DELETE "/pendings/4" for ::1 at 2015-04-24 16:29:06 -0700
Processing by PendingsController#destroy as HTML
  Parameters: {"authenticity_token"=>"wKFmJKxmbH9Kfilv1wzJ0E6bTHRIrJ3NEmF2t9rtRA6tTOmENwLrFYXQjbChBhXvYzui1lCDHImq0Ms8hAfazg==", "id"=>"4"}
  [1m[36mPending Load (0.2ms)[0m  [1mSELECT  `pendings`.* FROM `pendings` WHERE `pendings`.`id` = 4 LIMIT 1[0m
  [1m[35m (0.1ms)[0m  BEGIN
  [1m[36mSQL (0.2ms)[0m  [1mDELETE FROM `pendings` WHERE `pendings`.`id` = 4[0m
  [1m[35m (0.8ms)[0m  COMMIT
Redirected to http://localhost:3000/pendings
Completed 302 Found in 3ms (ActiveRecord: 1.3ms)


Started GET "/pendings" for ::1 at 2015-04-24 16:29:06 -0700
Processing by PendingsController#index as HTML
  [1m[36mPending Load (0.2ms)[0m  [1mSELECT `pendings`.* FROM `pendings`[0m
  [1m[35mQuest Load (0.2ms)[0m  SELECT  `quests`.* FROM `quests` WHERE `quests`.`id` = 2 LIMIT 1
  [1m[36mUser Load (0.2ms)[0m  [1mSELECT  `users`.* FROM `users` WHERE `users`.`id` = 2 LIMIT 1[0m
  Rendered pendings/index.html.erb within layouts/application (2.8ms)
  [1m[35mUser Load (0.3ms)[0m  SELECT  `users`.* FROM `users` WHERE `users`.`id` = 2  ORDER BY `users`.`id` ASC LIMIT 1
Completed 200 OK in 99ms (Views: 97.0ms | ActiveRecord: 0.9ms)


Started DELETE "/pendings/3" for ::1 at 2015-04-24 16:29:07 -0700
Processing by PendingsController#destroy as HTML
  Parameters: {"authenticity_token"=>"dFKyJrAXUv9PKqhONFE9ELj9Yxaw4EE47SpNz49FcY0Zvz2GK3PVlYCEDJFCW+EvlV2NtKjPwHxVm/BE0a/vTQ==", "id"=>"3"}
  [1m[36mPending Load (0.3ms)[0m  [1mSELECT  `pendings`.* FROM `pendings` WHERE `pendings`.`id` = 3 LIMIT 1[0m
  [1m[35m (0.1ms)[0m  BEGIN
  [1m[36mSQL (0.2ms)[0m  [1mDELETE FROM `pendings` WHERE `pendings`.`id` = 3[0m
  [1m[35m (0.8ms)[0m  COMMIT
Redirected to http://localhost:3000/pendings
Completed 302 Found in 3ms (ActiveRecord: 1.3ms)


Started GET "/pendings" for ::1 at 2015-04-24 16:29:07 -0700
Processing by PendingsController#index as HTML
  [1m[36mPending Load (0.2ms)[0m  [1mSELECT `pendings`.* FROM `pendings`[0m
  [1m[35mQuest Load (0.2ms)[0m  SELECT  `quests`.* FROM `quests` WHERE `quests`.`id` = 2 LIMIT 1
  [1m[36mUser Load (0.2ms)[0m  [1mSELECT  `users`.* FROM `users` WHERE `users`.`id` = 2 LIMIT 1[0m
  Rendered pendings/index.html.erb within layouts/application (2.4ms)
  [1m[35mUser Load (0.3ms)[0m  SELECT  `users`.* FROM `users` WHERE `users`.`id` = 2  ORDER BY `users`.`id` ASC LIMIT 1
Completed 200 OK in 91ms (Views: 89.9ms | ActiveRecord: 0.8ms)


Started DELETE "/pendings/5" for ::1 at 2015-04-24 16:29:09 -0700
Processing by PendingsController#destroy as HTML
  Parameters: {"authenticity_token"=>"127eMHbeqPrRBZ9dRupTHsRJSoUzdttU3tKjSPMp62G6g1GQ7bovkB6rO4Iw4I8h6emkJytZWhBmYx7DrcN1oQ==", "id"=>"5"}
  [1m[36mPending Load (0.2ms)[0m  [1mSELECT  `pendings`.* FROM `pendings` WHERE `pendings`.`id` = 5 LIMIT 1[0m
  [1m[35m (0.1ms)[0m  BEGIN
  [1m[36mSQL (0.2ms)[0m  [1mDELETE FROM `pendings` WHERE `pendings`.`id` = 5[0m
  [1m[35m (1.0ms)[0m  COMMIT
Redirected to http://localhost:3000/pendings
Completed 302 Found in 3ms (ActiveRecord: 1.6ms)


Started GET "/pendings" for ::1 at 2015-04-24 16:29:09 -0700
Processing by PendingsController#index as HTML
  [1m[36mPending Load (0.2ms)[0m  [1mSELECT `pendings`.* FROM `pendings`[0m
  [1m[35mQuest Load (0.2ms)[0m  SELECT  `quests`.* FROM `quests` WHERE `quests`.`id` = 2 LIMIT 1
  [1m[36mUser Load (0.2ms)[0m  [1mSELECT  `users`.* FROM `users` WHERE `users`.`id` = 2 LIMIT 1[0m
  Rendered pendings/index.html.erb within layouts/application (2.3ms)
  [1m[35mUser Load (0.3ms)[0m  SELECT  `users`.* FROM `users` WHERE `users`.`id` = 2  ORDER BY `users`.`id` ASC LIMIT 1
Completed 200 OK in 86ms (Views: 84.3ms | ActiveRecord: 0.8ms)


Started GET "/quests" for ::1 at 2015-04-24 16:33:39 -0700
  [1m[36mActiveRecord::SchemaMigration Load (0.3ms)[0m  [1mSELECT `schema_migrations`.* FROM `schema_migrations`[0m
Processing by QuestsController#index as HTML
  [1m[35mQuest Load (0.3ms)[0m  SELECT `quests`.* FROM `quests`
  [1m[36mUser Load (0.2ms)[0m  [1mSELECT  `users`.* FROM `users` WHERE `users`.`id` = 2 LIMIT 1[0m
  [1m[35mCACHE (0.0ms)[0m  SELECT  `users`.* FROM `users` WHERE `users`.`id` = 2 LIMIT 1  [["id", 2]]
  [1m[36mCACHE (0.0ms)[0m  [1mSELECT  `users`.* FROM `users` WHERE `users`.`id` = 2 LIMIT 1[0m  [["id", 2]]
  [1m[35mUser Load (0.3ms)[0m  SELECT  `users`.* FROM `users` WHERE `users`.`id` = 3 LIMIT 1
  Rendered quests/index.html.erb within layouts/application (35.5ms)
  [1m[36mUser Load (0.4ms)[0m  [1mSELECT  `users`.* FROM `users` WHERE `users`.`id` = 2  ORDER BY `users`.`id` ASC LIMIT 1[0m
Completed 200 OK in 4716ms (Views: 4696.0ms | ActiveRecord: 5.1ms)


Started GET "/assets/application.self-d2bf48ee523e871f32fa7eb6dcccab4db6b5a892fcf64c73c06a658fa44893c0.css?body=1" for ::1 at 2015-04-24 16:33:44 -0700


Started GET "/home" for ::1 at 2015-04-24 16:33:50 -0700
Processing by QuestsController#home as HTML
  Rendered quests/home.html.erb within layouts/home_layout (12.5ms)
Completed 200 OK in 2704ms (Views: 2703.7ms | ActiveRecord: 0.0ms)


Started GET "/" for ::1 at 2015-04-24 16:33:53 -0700
Processing by QuestsController#home as HTML
  Rendered quests/home.html.erb within layouts/home_layout (2.6ms)
Completed 200 OK in 85ms (Views: 84.8ms | ActiveRecord: 0.0ms)


Started GET "/" for ::1 at 2015-04-24 16:33:53 -0700
Processing by QuestsController#home as HTML
  Rendered quests/home.html.erb within layouts/home_layout (3.0ms)
Completed 200 OK in 96ms (Views: 96.0ms | ActiveRecord: 0.0ms)


Started GET "/" for ::1 at 2015-04-24 16:33:53 -0700
Processing by QuestsController#home as HTML
  Rendered quests/home.html.erb within layouts/home_layout (4.1ms)
Completed 200 OK in 97ms (Views: 96.1ms | ActiveRecord: 0.0ms)


Started GET "/assets/home.self-0afd323b9aecdde483620a1d9c53aa703fdc933256085ee5e1af36bf817b0112.css?body=1" for ::1 at 2015-04-24 16:33:53 -0700


Started GET "/assets/h1.jpg" for ::1 at 2015-04-24 16:33:53 -0700


Started GET "/listing" for ::1 at 2015-04-24 16:33:57 -0700
Processing by QuestsController#listing as HTML
  [1m[35mQuest Load (0.3ms)[0m  SELECT `quests`.* FROM `quests`
  [1m[36mUser Load (0.2ms)[0m  [1mSELECT  `users`.* FROM `users` WHERE `users`.`id` = 2 LIMIT 1[0m
  [1m[35mCACHE (0.0ms)[0m  SELECT  `users`.* FROM `users` WHERE `users`.`id` = 2 LIMIT 1  [["id", 2]]
  [1m[36mCACHE (0.0ms)[0m  [1mSELECT  `users`.* FROM `users` WHERE `users`.`id` = 2 LIMIT 1[0m  [["id", 2]]
  [1m[35mUser Load (0.4ms)[0m  SELECT  `users`.* FROM `users` WHERE `users`.`id` = 3 LIMIT 1
  Rendered quests/listing.html.erb within layouts/application (13.1ms)
  [1m[36mUser Load (0.4ms)[0m  [1mSELECT  `users`.* FROM `users` WHERE `users`.`id` = 2  ORDER BY `users`.`id` ASC LIMIT 1[0m
Completed 200 OK in 120ms (Views: 117.9ms | ActiveRecord: 1.2ms)


Started GET "/listing" for ::1 at 2015-04-24 16:33:57 -0700
Processing by QuestsController#listing as HTML
  [1m[35mQuest Load (0.2ms)[0m  SELECT `quests`.* FROM `quests`
  [1m[36mUser Load (0.2ms)[0m  [1mSELECT  `users`.* FROM `users` WHERE `users`.`id` = 2 LIMIT 1[0m
  [1m[35mCACHE (0.0ms)[0m  SELECT  `users`.* FROM `users` WHERE `users`.`id` = 2 LIMIT 1  [["id", 2]]
  [1m[36mCACHE (0.0ms)[0m  [1mSELECT  `users`.* FROM `users` WHERE `users`.`id` = 2 LIMIT 1[0m  [["id", 2]]
  [1m[35mUser Load (0.1ms)[0m  SELECT  `users`.* FROM `users` WHERE `users`.`id` = 3 LIMIT 1
  Rendered quests/listing.html.erb within layouts/application (4.5ms)
  [1m[36mUser Load (0.4ms)[0m  [1mSELECT  `users`.* FROM `users` WHERE `users`.`id` = 2  ORDER BY `users`.`id` ASC LIMIT 1[0m
Completed 200 OK in 88ms (Views: 86.4ms | ActiveRecord: 0.9ms)
